2019-10-31 19:51:19.726210: I tensorflow/stream_executor/platform/default/dso_loader.cc:42] Successfully opened dynamic library libcudart.so.10.0
Images= 135109 Categories= 135109
{u'responseHeader': {u'status': 0, u'maxErrors': 1000, u'errors': [], u'QTime': 6}} lokesvara_lokesvara-wrist-mala-aqularia-filaria-with-gold-endless-knot-gelang---blue-coral--10-mm-_full02.jpg 0
{u'responseHeader': {u'status': 0, u'maxErrors': 1000, u'errors': [], u'QTime': 6}} oceanseven_oceanseven-football-real-madrid-signature-02-dark-blue-t-shirt_full03.jpg 1
{u'responseHeader': {u'status': 0, u'maxErrors': 1000, u'errors': [], u'QTime': 4}} storkstory_stork-story-cat-short-sleepwear-697---blue_full02.jpg 2
{u'responseHeader': {u'status': 0, u'maxErrors': 1000, u'errors': [], u'QTime': 5}} 1901-jewelry-_1901-jewelry-pearly-gold-earrings-5002-gw-5002-hr52-gold-giwang-wanita_full02.jpg 3
{u'responseHeader': {u'status': 0, u'maxErrors': 1000, u'errors': [], u'QTime': 4}} banana-warehouse_banana-warehouse-733-playsuit-wanita----abu-abu_full05.jpg 4
{u'responseHeader': {u'status': 0, u'maxErrors': 1000, u'errors': [], u'QTime': 4}} a-dan_a-dan-vintage-sunglasses--uv400--lens-fashion-style-j6223_full08.jpg 5
{u'responseHeader': {u'status': 0, u'maxErrors': 1000, u'errors': [], u'QTime': 4}} carvil_carvil-spade-01l-51-spd-001-ce-sandal-wanita---stone_full02.jpg 6
{u'responseHeader': {u'status': 0, u'maxErrors': 1000, u'errors': [], u'QTime': 5}} carvil_carvil-man-rama-baju-koko-lengan-panjang-pria---blue_full02.jpg 7
{u'responseHeader': {u'status': 0, u'maxErrors': 1000, u'errors': [], u'QTime': 4}} bonia_bonia-bn10232-2562-jam-tangan-wanita-rose-gold-stainless-steel_full02.jpg 8
{u'responseHeader': {u'status': 0, u'maxErrors': 1000, u'errors': [], u'QTime': 4}} azzurra_azzurra-594-20-casual-sandal-wanita---coklat--original-_full05.jpg 9
{u'responseHeader': {u'status': 0, u'maxErrors': 1000, u'errors': [], u'QTime': 5}} fossil_fossil-original-boyfriend-chronograph-bone-es3625-jam-tangan-wanita_full04.jpg 10
{u'responseHeader': {u'status': 0, u'maxErrors': 1000, u'errors': [], u'QTime': 4}} seiko_seiko-srp775k1-original-jam-tangan-pria_full02.jpg 11
{u'responseHeader': {u'status': 0, u'maxErrors': 1000, u'errors': [], u'QTime': 4}} indoclothing_indoclothing-flume-01-topi-snapback-pria---hitam_full04.jpg 12
{u'responseHeader': {u'status': 0, u'maxErrors': 1000, u'errors': [], u'QTime': 6}} minarno_minarno_cactus_sharp_jaket_hoodies_pria_full14_ltxxt2dy.jpg 13
{u'responseHeader': {u'status': 0, u'maxErrors': 1000, u'errors': [], u'QTime': 5}} tragen-footwear_tragen-footwear-alexi-sepatu-sneaker-pria---black_full05.jpg 14
{u'responseHeader': {u'status': 0, u'maxErrors': 1000, u'errors': [], u'QTime': 4}} mirage_mirage-jam-tangan-pria-jam-tangan-analog-sd303_full05.jpg 15
{u'responseHeader': {u'status': 0, u'maxErrors': 1000, u'errors': [], u'QTime': 6}} ordinal_ordinal-funny-emoticon-edition-moon-05-raglan_full03.jpg 16
{u'responseHeader': {u'status': 0, u'maxErrors': 1000, u'errors': [], u'QTime': 5}} ordinal_ordinal-ultraman-04-raglan_full03.jpg 17
{u'responseHeader': {u'status': 0, u'maxErrors': 1000, u'errors': [], u'QTime': 4}} best-bag_best-bag---stuff-rookie-tas-ransel---merah_full05.jpg 18
{u'responseHeader': {u'status': 0, u'maxErrors': 1000, u'errors': [], u'QTime': 5}} cbr_six_cbr_six_tas_pinggang_pria_-_abu_-pic_003-_full05_c6l4rwu4.jpg 19
{u'responseHeader': {u'status': 0, u'maxErrors': 1000, u'errors': [], u'QTime': 4}} import_tas-ransel-waterproof-import-terbaru-cp-353-black_full05.jpg 20
{u'responseHeader': {u'status': 0, u'maxErrors': 1000, u'errors': [], u'QTime': 70}} arcio_arcio-theo-tas-ransel-laptop-backpack-pria_full05.jpg 21
{u'responseHeader': {u'status': 0, u'maxErrors': 1000, u'errors': [], u'QTime': 5}} clany_clany-seamless-comfy-soft-wire-bra-with-bamboo-farbric-barbie-pink_full02.jpg 22
{u'responseHeader': {u'status': 0, u'maxErrors': 1000, u'errors': [], u'QTime': 4}} oceanseven_oceanseven-magazine-rolling-stone-magz-logo-01-t-shirt_full03.jpg 23
{u'responseHeader': {u'status': 0, u'maxErrors': 1000, u'errors': [], u'QTime': 4}} oceanseven_oceanseven-wos-superman-11-t-shirt_full04.jpg 24
{u'responseHeader': {u'status': 0, u'maxErrors': 1000, u'errors': [], u'QTime': 5}} meyfah_meyfah-athena-classic-executive-sepatu-heels-wanita---pink_full07.jpg 25
{u'responseHeader': {u'status': 0, u'maxErrors': 1000, u'errors': [], u'QTime': 4}} kuzatura_kuzatura-kfb-157-tunik-wanita---biru_full04.jpg 26
{u'responseHeader': {u'status': 0, u'maxErrors': 1000, u'errors': [], u'QTime': 4}} sfs-by-sun_sfs-by-sun-b16-chinese-style-atasan-wanita---emerald-green_full04.jpg 27
{u'responseHeader': {u'status': 0, u'maxErrors': 1000, u'errors': [], u'QTime': 8}} java-seven_java-seven--r-nrjjc-gamis-wanita---brown_full02.jpg 28
{u'responseHeader': {u'status': 0, u'maxErrors': 1000, u'errors': [], u'QTime': 6}} fossil_fossil-me3084-jam-tangan-pria---black_full02.jpg 29
{u'responseHeader': {u'status': 0, u'maxErrors': 1000, u'errors': [], u'QTime': 4}} mirage_mirage-8150-brp-m-japan-technology-original-date-jam-tangan-pria---black_full03.jpg 30
{u'responseHeader': {u'status': 0, u'maxErrors': 1000, u'errors': [], u'QTime': 6}} westpak_westpak-gn-energetic-caps-topi-pria---navy_full04.jpg 31
{u'responseHeader': {u'status': 0, u'maxErrors': 1000, u'errors': [], u'QTime': 4}} victoire-chic_victoire-chic-02-gelang-kayu_full02.jpg 32
{u'responseHeader': {u'status': 0, u'maxErrors': 1000, u'errors': [], u'QTime': 4}} brodo_brodo-sepatu-pria-ventura-eco----black-blacksole_full05.jpg 33
{u'responseHeader': {u'status': 0, u'maxErrors': 1000, u'errors': [], u'QTime': 5}} yongki-komaladi_yongki-komaladi-gn46000094-1118-jolie-shoulder-bag-wanita--black_full02.jpg 34
{u'responseHeader': {u'status': 0, u'maxErrors': 1000, u'errors': [], u'QTime': 5}} julius_julius_ja-1181_jam_tangan_wanita_full32_od89y1vm.jpg 35
{u'responseHeader': {u'status': 0, u'maxErrors': 1000, u'errors': [], u'QTime': 4}} batik-adikusuma_adikusuma-men-hem-batik-sawat-kotak-bima-cokelat-532309108_full02.jpg 36
{u'responseHeader': {u'status': 0, u'maxErrors': 1000, u'errors': [], u'QTime': 5}} lavenia-boutique_lavenia-boutique-salwa-arena-abstrak-blouse-muslim-wanita--size-jumbo--3xl-_full07.jpg 37
{u'responseHeader': {u'status': 0, u'maxErrors': 1000, u'errors': [], u'QTime': 4}} lgs_lgs-men-regular-fit---stripe-tee---gray-white---salur-lets-223-m1550-01-7c_full01.jpg 38
{u'responseHeader': {u'status': 0, u'maxErrors': 1000, u'errors': [], u'QTime': 5}} a-d_a-d-ms-1200-basic-shirt-with-tie---white_full05.jpg 39
{u'responseHeader': {u'status': 0, u'maxErrors': 1000, u'errors': [], u'QTime': 5}} west_island_west_island_flora_earring-wi9051121_full02.jpg 40
{u'responseHeader': {u'status': 0, u'maxErrors': 1000, u'errors': [], u'QTime': 4}} luna-habit_luna-habit-grete-dress-wanita---terracotta_full02.jpg 41
{u'responseHeader': {u'status': 0, u'maxErrors': 1000, u'errors': [], u'QTime': 4}} hrcn_hrcn-evoluted-shoes-male-sepatu-pria---blue--h-5374-_full02.jpg 42
{u'responseHeader': {u'status': 0, u'maxErrors': 1000, u'errors': [], u'QTime': 6}} fashion-in-frame_fashion-in-frame-half-zip-pullover-hoodie-jaket-pria---black_full05.jpg 43
{u'responseHeader': {u'status': 0, u'maxErrors': 1000, u'errors': [], u'QTime': 6}} indoclothing_indoclothing-daft-punk-topi-snapback_full04.jpg 44
{u'responseHeader': {u'status': 0, u'maxErrors': 1000, u'errors': [], u'QTime': 4}} kuzatura_kuzatura-ksd-175-jaket-wanita_full04.jpg 45
{u'responseHeader': {u'status': 0, u'maxErrors': 1000, u'errors': [], u'QTime': 6}} expedition_expedition-e-6747-mc-bipbu-chronograph-men-blue-dial-black-stainless-steel-strap_full04.jpg 46
{u'responseHeader': {u'status': 0, u'maxErrors': 1000, u'errors': [], u'QTime': 4}} balmer_balmer-b-7913ml-jam-tangan-couple---hitam-rosegold_full02.jpg 47
{u'responseHeader': {u'status': 0, u'maxErrors': 1000, u'errors': [], u'QTime': 4}} bonia_bonia-jam-tangan-wanita-bonia-b869-2537-black-ring-rosegold-ceramic-stainless-steel_full05.jpg 48
{u'responseHeader': {u'status': 0, u'maxErrors': 1000, u'errors': [], u'QTime': 5}} ordinal_ordinal-attack-of-titan-11-t-shirt_full03.jpg 49
{u'responseHeader': {u'status': 0, u'maxErrors': 1000, u'errors': [], u'QTime': 4}} jersi-clothing_jersi-clothing-mercedes-benz-snapback-topi-pria---marun_full02.jpg 50
{u'responseHeader': {u'status': 0, u'maxErrors': 1000, u'errors': [], u'QTime': 4}} guzzini_guzzini_m_509_-_sepatu_heels_croco_full08_t2exv0zh.jpg 51
{u'responseHeader': {u'status': 0, u'maxErrors': 1000, u'errors': [], u'QTime': 5}} gudang_fashion_gudang_fashion_fleece_jaket_hoodie_pria_full07.jpg 52
{u'responseHeader': {u'status': 0, u'maxErrors': 1000, u'errors': [], u'QTime': 4}} cut-engineer_cut-engineer-iron-shoes-safety-boots-sepatu-pria---dark-brown_full06.jpg 53
{u'responseHeader': {u'status': 0, u'maxErrors': 1000, u'errors': [], u'QTime': 4}} alphabet_ordinal-typography-love-03-biru-muda-kaos-pria_full01.jpg 54
{u'responseHeader': {u'status': 0, u'maxErrors': 1000, u'errors': [], u'QTime': 5}} orvala_orvala-genano-blue-jeans-low-cut-sneaker_full05.jpg 55
{u'responseHeader': {u'status': 0, u'maxErrors': 1000, u'errors': [], u'QTime': 5}} aily_aily-ks06-tumblr-tee-atasan-wanita---abu_full03.jpg 56
{u'responseHeader': {u'status': 0, u'maxErrors': 1000, u'errors': [], u'QTime': 4}} blythe_blythe-accessories-2229-karyz-pearl-11-hair-clip---blue_full06.jpg 57
{u'responseHeader': {u'status': 0, u'maxErrors': 1000, u'errors': [], u'QTime': 5}} alphabet_ordinal-clash-of-clans-edition-01-putih-t-shirt-pria_full01.jpg 58
{u'responseHeader': {u'status': 0, u'maxErrors': 1000, u'errors': [], u'QTime': 4}} alphabet_ordinal-death-note-02-abu-abu-t-shirt-pria_full01.jpg 59
{u'responseHeader': {u'status': 0, u'maxErrors': 1000, u'errors': [], u'QTime': 4}} seruni-batik_seruni-batik-btkv-19-02-07-arqelia-tops-atasan-wanita---white_full02.jpg 60
{u'responseHeader': {u'status': 0, u'maxErrors': 1000, u'errors': [], u'QTime': 5}} octav_octav-olivia-flats-122-a-sepatu-wanita---blue_full05.jpg 61
{u'responseHeader': {u'status': 0, u'maxErrors': 1000, u'errors': [], u'QTime': 5}} oceanseven_oceanseven-dreamy-delights-19-t-shirt_full05.jpg 62
{u'responseHeader': {u'status': 0, u'maxErrors': 1000, u'errors': [], u'QTime': 4}} alphabet_ordinal-justice-league-edition-17-biru-muda-kaos-pria_full01.jpg 63
{u'responseHeader': {u'status': 0, u'maxErrors': 1000, u'errors': [], u'QTime': 5}} tata-bali_tata-bali-shop-236-kalung-fashion-wanita_full02.jpg 64
{u'responseHeader': {u'status': 0, u'maxErrors': 1000, u'errors': [], u'QTime': 5}} saucony_saucony-eros-lace-sepatu-lari-wanita--s30002-16-_full06.jpg 65
{u'responseHeader': {u'status': 0, u'maxErrors': 1000, u'errors': [], u'QTime': 75}} alphabet_ordinal-hotel-transylvania-edition-12-putih-kaos-pria_full01.jpg 66
{u'responseHeader': {u'status': 0, u'maxErrors': 1000, u'errors': [], u'QTime': 5}} alexandre-christie_alexandre-christie-2788-lh_full05.jpg 67
{u'responseHeader': {u'status': 0, u'maxErrors': 1000, u'errors': [], u'QTime': 4}} life8_life8-sport-hurrricane-sneakers-sepatu-pria--09920-_full07.jpg 68
{u'responseHeader': {u'status': 0, u'maxErrors': 1000, u'errors': [], u'QTime': 4}} ordinal_ordinal-one-piece-series-chopper-nw-01-t-shirt_full03.jpg 69
{u'responseHeader': {u'status': 0, u'maxErrors': 1000, u'errors': [], u'QTime': 5}} seyes_seyes-t-shirt-couple--s32211064--misty-navy_full05.jpg 70
{u'responseHeader': {u'status': 0, u'maxErrors': 1000, u'errors': [], u'QTime': 5}} fought-_fought-redemption-code-black-tas-ransel_full06.jpg 71
{u'responseHeader': {u'status': 0, u'maxErrors': 1000, u'errors': [], u'QTime': 4}} hrcn_hrcn-kets-casual-sepatu-sneaker-pria--9805-_full05.jpg 72
{u'responseHeader': {u'status': 0, u'maxErrors': 1000, u'errors': [], u'QTime': 4}} goodness_goodness-special-arch-mat-high-quality-synthetic-leather-out-sol-rubber-sandal-pria--ajs124s39-43-_full02.jpg 73
{u'responseHeader': {u'status': 0, u'maxErrors': 1000, u'errors': [], u'QTime': 5}} casio_casio-jam-tangan-pria-casio-g-shock-dw-5750e-1bdr-digital-watch_full02.jpg 74
{u'responseHeader': {u'status': 0, u'maxErrors': 1000, u'errors': [], u'QTime': 67}} lutece_lutece-elegant-060p-dompet-wanita-kecil_full06.jpg 75
{u'responseHeader': {u'status': 0, u'maxErrors': 1000, u'errors': [], u'QTime': 4}} birdie_tas_ransel_backpack_birdie_elegante_26_full06.jpg 76
{u'responseHeader': {u'status': 0, u'maxErrors': 1000, u'errors': [], u'QTime': 4}} swatch_swatch-original-rubber-strap-unisex-suok711-ajs805d40htkn-analog-tosca_full02.jpg 77
{u'responseHeader': {u'status': 0, u'maxErrors': 1000, u'errors': [], u'QTime': 5}} seiko_seiko-chronograph-sks541-jam-tangan-pria---silver_full02.jpg 78
{u'responseHeader': {u'status': 0, u'maxErrors': 1000, u'errors': [], u'QTime': 4}} seiko_seiko-barcelona-snae93p1_full03.jpg 79
{u'responseHeader': {u'status': 0, u'maxErrors': 1000, u'errors': [], u'QTime': 4}} you-ve_you-ve-b1237-bra-pakaian-dalam-wanita_full13.jpg 80
{u'responseHeader': {u'status': 0, u'maxErrors': 1000, u'errors': [], u'QTime': 5}} cottonink_cottonink_-_space_print_nahia_full06.jpg 81
{u'responseHeader': {u'status': 0, u'maxErrors': 1000, u'errors': [], u'QTime': 5}} timberland_timberland-hollace-jam-tangan-pria--tbl15419js-03--original-_full05.jpg 82
{u'responseHeader': {u'status': 0, u'maxErrors': 1000, u'errors': [], u'QTime': 70}} digitec_digitec-dd-5006l-8784-jam-tangan-wanita---hitam-biru_full02.jpg 83
{u'responseHeader': {u'status': 0, u'maxErrors': 1000, u'errors': [], u'QTime': 6}} skmei_skmei-analog-jam-tangan-pria---black--1601cl-_full03.jpg 84
{u'responseHeader': {u'status': 0, u'maxErrors': 1000, u'errors': [], u'QTime': 7}} a2t_a2t-skinny-jeans-at-54-celana-wanita_full02.jpg 85
{u'responseHeader': {u'status': 0, u'maxErrors': 1000, u'errors': [], u'QTime': 6}} ordinal_ordinal-avenger-aou-10-t-shirt_full03.jpg 86
{u'responseHeader': {u'status': 0, u'maxErrors': 1000, u'errors': [], u'QTime': 4}} inside_inside-flats-elouise-sepatu-wanita_full23.jpg 87
{u'responseHeader': {u'status': 0, u'maxErrors': 1000, u'errors': [], u'QTime': 6}} skmei_skmei_dual_time_jam_tangan_pria_-1204-_full06_tsjde8y9.jpg 88
{u'responseHeader': {u'status': 0, u'maxErrors': 1000, u'errors': [], u'QTime': 69}} orange-collections_orange-collections-bbo-tab-dompet---hitam_full05.jpg 89
{u'responseHeader': {u'status': 0, u'maxErrors': 1000, u'errors': [], u'QTime': 4}} pierre-cardin_pierre-cardin-jam-tangan-pria--pc108081f05-_full02.jpg 90
{u'responseHeader': {u'status': 0, u'maxErrors': 1000, u'errors': [], u'QTime': 5}} alexandre-christie_alexandre-christie-night-vision-chronograph-dial-jam-tangan-pria--ac-9213-nm-_full12.jpg 91
{u'responseHeader': {u'status': 0, u'maxErrors': 1000, u'errors': [], u'QTime': 4}} fjallraven_go-local-surabaya---fjallraven-kanken-23510-tas-ransel---black_full02.jpg 92
{u'responseHeader': {u'status': 0, u'maxErrors': 1000, u'errors': [], u'QTime': 4}} sledgers_sledgers-godrick-sm82la77l-working-sepatu-formal-pria_full07.jpg 93
{u'responseHeader': {u'status': 0, u'maxErrors': 1000, u'errors': [], u'QTime': 5}} mark_ryden_mark_ryden_mr6810_men_long_casual_style_wallet_-_dompet_pria_full06.jpg 94
{u'responseHeader': {u'status': 0, u'maxErrors': 1000, u'errors': [], u'QTime': 5}} bluelans_bluelans-10pcs-unisex-punk-16g-stainless-steel-labret-lip-rings-spike-studs-piercing-bars-blue_full03.jpg 95
{u'responseHeader': {u'status': 0, u'maxErrors': 1000, u'errors': [], u'QTime': 4}} golfer_golfer-aj06-sepatu-flat-wanita_full05.jpg 96
{u'responseHeader': {u'status': 0, u'maxErrors': 1000, u'errors': [], u'QTime': 6}} alphabet_ordinal-phineas-and-ferb-putih-kaos-pria_full01.jpg 97
{u'responseHeader': {u'status': 0, u'maxErrors': 1000, u'errors': [], u'QTime': 390}} born-neo_born-neo-sepatu-formal-pria---hitam--bn-pf-0211-_full04.jpg 98
{u'responseHeader': {u'status': 0, u'maxErrors': 1000, u'errors': [], u'QTime': 4}} -x-s-m-l_xsml_-_auristela_blouse_wanita_full06.jpg 99
{u'responseHeader': {u'status': 0, u'maxErrors': 1000, u'errors': [], u'QTime': 4}} cdhjewelry_cdhjewelry-cc038-titanium-anti-karat-cincin-couple--female-7---male-9-_full02.jpg 100
{u'responseHeader': {u'status': 0, u'maxErrors': 1000, u'errors': [], u'QTime': 5}} swiss-army_swiss-army-h135d48sa3517mslm-daydate-jam-tangan-pria---silver_full02.jpg 101
{u'responseHeader': {u'status': 0, u'maxErrors': 1000, u'errors': [], u'QTime': 4}} tokopelanginicer_tokopelanginicer-dagu-mutiara-kelopak-berry-bros-wanita---coklat_full02.jpg 102
{u'responseHeader': {u'status': 0, u'maxErrors': 1000, u'errors': [], u'QTime': 4}} wallts-wallet-goods_wallts-wallet-goods-musca-panjang-dompet-pria---black_full05.jpg 103
{u'responseHeader': {u'status': 0, u'maxErrors': 1000, u'errors': [], u'QTime': 5}} syaqinah_syaqinah-sandal-wedges-wanita-053---coklat_full02.jpg 104
{u'responseHeader': {u'status': 0, u'maxErrors': 1000, u'errors': [], u'QTime': 75}} emba-jeans_emba-jeans-t-shirt-niles-dark-grey-207-00612-11_full02.jpg 105
{u'responseHeader': {u'status': 0, u'maxErrors': 1000, u'errors': [], u'QTime': 4}} jfashion_jfashion-spectra-variasi-pita-tunik-kemeja-wanita---hitam_full03.jpg 106
{u'responseHeader': {u'status': 0, u'maxErrors': 1000, u'errors': [], u'QTime': 5}} azzurra_azzurra-518-18-kasual-sandal-flats-wanita---coklat_full02.jpg 107
{u'responseHeader': {u'status': 0, u'maxErrors': 1000, u'errors': [], u'QTime': 4}} indoclothing_indoclothing_love_nu-est_sweater_unisex_full05_nimcdloo.jpg 108
{u'responseHeader': {u'status': 0, u'maxErrors': 1000, u'errors': [], u'QTime': 4}} dc_dc-anvil-tx-m-shoe-ind-sepatu-sneaker-pria---indigo_full02.jpg 109
{u'responseHeader': {u'status': 0, u'maxErrors': 1000, u'errors': [], u'QTime': 5}} lgs_lgs-gambar-sablon-slim-fit-youth-t-shirt-pria---hijau--gts-870-p038-01-c-_full05.jpg 110
{u'responseHeader': {u'status': 0, u'maxErrors': 1000, u'errors': [], u'QTime': 70}} indoclothing_indoclothing-roses-jaket-hoodie-unisex-_full21.jpg 111
{u'responseHeader': {u'status': 0, u'maxErrors': 1000, u'errors': [], u'QTime': 4}} dnd-execution_dnd-execution-matterhorn-celana-panjang-pria---biru_full05.jpg 112
{u'responseHeader': {u'status': 0, u'maxErrors': 1000, u'errors': [], u'QTime': 5}} fossil_fossil_jerome_bifold_flip_id_dompet_pria_-_cognac_-ml_4028222-_full04.jpg 113
{u'responseHeader': {u'status': 0, u'maxErrors': 1000, u'errors': [], u'QTime': 4}} lubrene_lubrene-amaris-l-sandal-wedges-wanita---black-red_full05.jpg 114
{u'responseHeader': {u'status': 0, u'maxErrors': 1000, u'errors': [], u'QTime': 4}} zayidan_zayidan-hafuza-gamis-muslim-baju-koko-pria_full61.jpg 115
{u'responseHeader': {u'status': 0, u'maxErrors': 1000, u'errors': [], u'QTime': 6}} blxs_blxs-zette-slip-on-2-2401-22-4-7-126-sepatu-wanita_full05.jpg 116
{u'responseHeader': {u'status': 0, u'maxErrors': 1000, u'errors': [], u'QTime': 4}} fortuner_fortuner-fr-j913-ad-hitam-jam-tangan-pria_full01.jpg 117
{u'responseHeader': {u'status': 0, u'maxErrors': 1000, u'errors': [], u'QTime': 4}} seiko_seiko-sbdc031j_full02.jpg 118
{u'responseHeader': {u'status': 0, u'maxErrors': 1000, u'errors': [], u'QTime': 5}} batik-huza_batik-huza-felia-blouse-wanita---red-blue_full05.jpg 119
{u'responseHeader': {u'status': 0, u'maxErrors': 1000, u'errors': [], u'QTime': 5}} catenzo_catenzo-cecilia-casual-sandal-flat-wanita---red_full02.jpg 120
{u'responseHeader': {u'status': 0, u'maxErrors': 1000, u'errors': [], u'QTime': 4}} eabanecha_eabanecha-iris-jewel-anting-wanita_full04.jpg 121
{u'responseHeader': {u'status': 0, u'maxErrors': 1000, u'errors': [], u'QTime': 5}} raindoz_raindoz-dress-wanita-emely-rdg-083_full02.jpg 122
{u'responseHeader': {u'status': 0, u'maxErrors': 1000, u'errors': [], u'QTime': 4}} casio_casio_mtp-v005l-7b2udf_general__jam_tangan_unisex_-_white_full02_qsldbr8y.jpg 123
{u'responseHeader': {u'status': 0, u'maxErrors': 1000, u'errors': [], u'QTime': 4}} whizliz_whizliz-maddy-rhys-gold-pendant_full02.jpg 124
{u'responseHeader': {u'status': 0, u'maxErrors': 1000, u'errors': [], u'QTime': 7}} synoke_synoke_jam_tangan_digital_sporty_pria_-_9628_full06.jpg 125
{u'responseHeader': {u'status': 0, u'maxErrors': 1000, u'errors': [], u'QTime': 5}} mooimom_mooimom-long-sleeves-maternity---nursing-t-shirt-dress-with-lace-baju-hamil-menyusui---black_full06.jpg 126
{u'responseHeader': {u'status': 0, u'maxErrors': 1000, u'errors': [], u'QTime': 72}} digitec_digitec-dg3028tbrd-jam-tangan-pria---hitam_full04.jpg 127
{u'responseHeader': {u'status': 0, u'maxErrors': 1000, u'errors': [], u'QTime': 8}} bluelans_bluelans_fashion_analog_roman_numerals_big_round_dial_quartz_men_wrist_watch_full05.jpg 128
{u'responseHeader': {u'status': 0, u'maxErrors': 1000, u'errors': [], u'QTime': 5}} elfs-shop_elfs-shop-emboss-topi-pria---abu-tua_full05.jpg 129
{u'responseHeader': {u'status': 0, u'maxErrors': 1000, u'errors': [], u'QTime': 4}} alphawear_alphawear---jaket-kulit-style-bikers---black_full05.jpg 130
{u'responseHeader': {u'status': 0, u'maxErrors': 1000, u'errors': [], u'QTime': 5}} kobucca-shop_tas-serut-paris-ransel-eiffel-love-retro-klasik-backpack-menara-perancis_full02.jpg 131
{u'responseHeader': {u'status': 0, u'maxErrors': 1000, u'errors': [], u'QTime': 7}} bonia_bonia-jam-tangan-pria-bonia-bpt105c-black-brown-leather-black_full05.jpg 132
{u'responseHeader': {u'status': 0, u'maxErrors': 1000, u'errors': [], u'QTime': 5}} tokyo1_tokyo1-441449-tea-drawer-kotak-perhiasan_full02.jpg 133
{u'responseHeader': {u'status': 0, u'maxErrors': 1000, u'errors': [], u'QTime': 5}} enable-woman_enable-woman-tas-ransel-wanita-klasik-kasual---cqh105---black_full06.jpg 134
{u'responseHeader': {u'status': 0, u'maxErrors': 1000, u'errors': [], u'QTime': 8}} alba_alba-aspe93x1-ladies-black-dial-black-stainless-steel-strap_full02.jpg 135
{u'responseHeader': {u'status': 0, u'maxErrors': 1000, u'errors': [], u'QTime': 4}} zayidan_zayidan-jabri-baju-muslim-koko-pria_full56.jpg 136
{u'responseHeader': {u'status': 0, u'maxErrors': 1000, u'errors': [], u'QTime': 4}} arcilo_arcilo-jaket-hoodie-pria-variation-lizarra---cream_full06.jpg 137
{u'responseHeader': {u'status': 0, u'maxErrors': 1000, u'errors': [], u'QTime': 8}} elle_elle-spirit-es20094s04x-leather-strap-watches---blue_full02.jpg 138
{u'responseHeader': {u'status': 0, u'maxErrors': 1000, u'errors': [], u'QTime': 6}} raindoz_raindoz-rmh324-casual-sandal-wedges-wanita_full02.jpg 139
{u'responseHeader': {u'status': 0, u'maxErrors': 1000, u'errors': [], u'QTime': 4}} swiss-army_swiss-army-dhc-full-stainless-steel-sa65411_full03.jpg 140
{u'responseHeader': {u'status': 0, u'maxErrors': 1000, u'errors': [], u'QTime': 5}} rluck8888_rluck8888-topi-baseball-super-mario---hitam_full02.jpg 141
{u'responseHeader': {u'status': 0, u'maxErrors': 1000, u'errors': [], u'QTime': 4}} iit_iit_bracelet_diamond_circle_quartz_women-s_wrist_watches_full16_hhrilxnh.jpg 142
{u'responseHeader': {u'status': 0, u'maxErrors': 1000, u'errors': [], u'QTime': 6}} catenzo_catenzo-sepatu-formal-pria-ab543_full05.jpg 143
{u'responseHeader': {u'status': 0, u'maxErrors': 1000, u'errors': [], u'QTime': 7}} orori_orori-oswr2451-11_full01.jpg 144
{u'responseHeader': {u'status': 0, u'maxErrors': 1000, u'errors': [], u'QTime': 4}} excellence_excellence-jam-tangan-pria---silver-8511msswh_full02.jpg 145
{u'responseHeader': {u'status': 0, u'maxErrors': 1000, u'errors': [], u'QTime': 5}} bluelans_bluelans-fashion-men-s-slim-warm-hooded-sweatshirt-hoodie-coat-jacket-outwear-sweater_full30.jpg 146
{u'responseHeader': {u'status': 0, u'maxErrors': 1000, u'errors': [], u'QTime': 70}} krishnabalifs_krishnabalifs-krishna-bali-668-kalung-fashion-wanita_full02.jpg 147
{u'responseHeader': {u'status': 0, u'maxErrors': 1000, u'errors': [], u'QTime': 4}} casio_casio-original-g-shock-dw-5600bbm-2dr-jam-tangan-pria-digital_full06.jpg 148
{u'responseHeader': {u'status': 0, u'maxErrors': 1000, u'errors': [], u'QTime': 4}} biden_jam_tangan_biden_pria_fashion_mewah_mesh_waterproof_band_bisnis_full05.jpg 149
{u'responseHeader': {u'status': 0, u'maxErrors': 1000, u'errors': [], u'QTime': 6}} jfr_jfr_fashion_dompet_pria_-p10-_full13_e407kjyq.jpg 150
{u'responseHeader': {u'status': 0, u'maxErrors': 1000, u'errors': [], u'QTime': 4}} blackkelly_blackkelly-dompet-tali-panjang-clutch-wanita-lba930_full04.jpg 151
{u'responseHeader': {u'status': 0, u'maxErrors': 1000, u'errors': [], u'QTime': 5}} seyes_seyes-s73114702-women-t-shirt---misty_full05.jpg 152
{u'responseHeader': {u'status': 0, u'maxErrors': 1000, u'errors': [], u'QTime': 5}} curren_jam_tangan_pria_curren_8312_chrono_full04_tchi11n5.jpg 153
{u'responseHeader': {u'status': 0, u'maxErrors': 1000, u'errors': [], u'QTime': 4}} mamibelle_mamibelle-katia-basic-baju-hamil-dan-menyusui---taupe_full05.jpg 154
{u'responseHeader': {u'status': 0, u'maxErrors': 1000, u'errors': [], u'QTime': 5}} bluelans_bluelans_women_stylish_pure_candy_color_soft_chiffon_silk_neck_scarf_square_wrap_shawl_light_blue_full03.jpg 155
{u'responseHeader': {u'status': 0, u'maxErrors': 1000, u'errors': [], u'QTime': 5}} coldwear_coldwear-cotton-sweater-pria---red--18011-_full05.jpg 156
{u'responseHeader': {u'status': 0, u'maxErrors': 1000, u'errors': [], u'QTime': 4}} scelta-underwear_scelta-underwear-st-01-p-perekat-stagen-lebar-korset-perut--23-5-cm-_full07.jpg 157
{u'responseHeader': {u'status': 0, u'maxErrors': 1000, u'errors': [], u'QTime': 4}} grandir_grandir-short-wallet-pria---brown--0911418104bro-_full05.jpg 158
{u'responseHeader': {u'status': 0, u'maxErrors': 1000, u'errors': [], u'QTime': 5}} batik-indra-loka_batik-indra-loka-3205-d-f-57-kelir-dress-wanita---abu-abu_full05.jpg 159
{u'responseHeader': {u'status': 0, u'maxErrors': 1000, u'errors': [], u'QTime': 5}} golfer_golfer-men-trekking-sandal-gunung-pria--2108-_full05.jpg 160
{u'responseHeader': {u'status': 0, u'maxErrors': 1000, u'errors': [], u'QTime': 4}} kuzatura_kuzatura-polo-shirt-pria---abu-abu--kjo-359-_full04.jpg 161
{u'responseHeader': {u'status': 0, u'maxErrors': 1000, u'errors': [], u'QTime': 5}} the-executive_the-executive-linen-blazer-5-bzwfem119f019-moss-green_full06.jpg 162
{u'responseHeader': {u'status': 0, u'maxErrors': 1000, u'errors': [], u'QTime': 4}} skmei_jam-tangan-wanita-analog-skmei-6911-white-water-resistant-30m_full05.jpg 163
{u'responseHeader': {u'status': 0, u'maxErrors': 1000, u'errors': [], u'QTime': 4}} bettina_bettina-vero-sepatu-wedges-wanita---maroon_full05.jpg 164
{u'responseHeader': {u'status': 0, u'maxErrors': 1000, u'errors': [], u'QTime': 5}} java-seven_java-seven-sandal-kasual-wanita-bji687_full02.jpg 165
{u'responseHeader': {u'status': 0, u'maxErrors': 1000, u'errors': [], u'QTime': 4}} indoclothing_indoclothing-spiderman-far-from-home-01-t-shirt-unisex_full07.jpg 166
{u'responseHeader': {u'status': 0, u'maxErrors': 1000, u'errors': [], u'QTime': 4}} straps_straps-kulit-gelang-unisex--blp5s-taurus-blk-m-_full07.jpg 167
{u'responseHeader': {u'status': 0, u'maxErrors': 1000, u'errors': [], u'QTime': 5}} oceanseven_oceanseven-unique-cartoon-artworks-15-t-shirt_full03.jpg 168
{u'responseHeader': {u'status': 0, u'maxErrors': 1000, u'errors': [], u'QTime': 6}} hrcn_hrcn-sepatu-sneakers-kets-pria---men-shoes---1811_full02.jpg 169
{u'responseHeader': {u'status': 0, u'maxErrors': 1000, u'errors': [], u'QTime': 7}} marelli_marelli-sepatu-formal-pria---black--bp-011-_full05.jpg 170
{u'responseHeader': {u'status': 0, u'maxErrors': 1000, u'errors': [], u'QTime': 5}} gebrak-craft_kalung-kaokah-bandul-taji-coklat_full02.jpg 171
{u'responseHeader': {u'status': 0, u'maxErrors': 1000, u'errors': [], u'QTime': 4}} daniel-wellington_daniel-wellington-classic-petite-sterling-jam-tangan-wanita--32-mm----bracelet-small_full14.jpg 172
{u'responseHeader': {u'status': 0, u'maxErrors': 1000, u'errors': [], u'QTime': 4}} zoom_zoom-classic-men-s-watches-leather-strap-jam-tangan-pria--zm-3846m-2511-_full02.jpg 173
{u'responseHeader': {u'status': 0, u'maxErrors': 1000, u'errors': [], u'QTime': 5}} hmill_hmill-celana-hamil_full14.jpg 174
{u'responseHeader': {u'status': 0, u'maxErrors': 1000, u'errors': [], u'QTime': 4}} mooimom_mooimom-bamboo-postpartum-belly-band-korset-pelangsing-pasca-melahirkan---grey_full05.jpg 175
{u'responseHeader': {u'status': 0, u'maxErrors': 1000, u'errors': [], u'QTime': 4}} clarette_clarette-heels-kailey_full15.jpg 176
{u'responseHeader': {u'status': 0, u'maxErrors': 1000, u'errors': [], u'QTime': 5}} oceanseven_oceanseven-famous-tourism-macau-t-shirt_full03.jpg 177
{u'responseHeader': {u'status': 0, u'maxErrors': 1000, u'errors': [], u'QTime': 4}} mamaway_mamaway-responsive-antibacterial-seamless-maternity---nursing-bra_full34.jpg 178
{u'responseHeader': {u'status': 0, u'maxErrors': 1000, u'errors': [], u'QTime': 4}} my_my-bracelet-mtb491_full01.jpg 179
{u'responseHeader': {u'status': 0, u'maxErrors': 1000, u'errors': [], u'QTime': 6}} fossil_fossil-townsman-jam-tangan-pria---black--me3153-_full02.jpg 180
{u'responseHeader': {u'status': 0, u'maxErrors': 1000, u'errors': [], u'QTime': 4}} borsa_borsa-grandeur-sepatu-pria_full05.jpg 181
{u'responseHeader': {u'status': 0, u'maxErrors': 1000, u'errors': [], u'QTime': 4}} krishnabalifs_krishnabalifs-krishna-bali-658-kalung-fashion-wanita_full02.jpg 182
{u'responseHeader': {u'status': 0, u'maxErrors': 1000, u'errors': [], u'QTime': 5}} zonakacamata-com_zonakacamata-kacamata---black-transparent--a16402-_full05.jpg 183
{u'responseHeader': {u'status': 0, u'maxErrors': 1000, u'errors': [], u'QTime': 4}} cheetah_cheetah-revolution-nitrile-sepatu-safety-pria---black--21808-_full05.jpg 184
{u'responseHeader': {u'status': 0, u'maxErrors': 1000, u'errors': [], u'QTime': 4}} ordinal_ordinal-mickey-04-raglan_full03.jpg 185
{u'responseHeader': {u'status': 0, u'maxErrors': 1000, u'errors': [], u'QTime': 5}} skmei_skmei-9058-c-jam-tangan-pria---coklat_full03.jpg 186
{u'responseHeader': {u'status': 0, u'maxErrors': 1000, u'errors': [], u'QTime': 4}} indoclothing_indoclothing-venom-2-topi-trucker-pria_full28.jpg 187
{u'responseHeader': {u'status': 0, u'maxErrors': 1000, u'errors': [], u'QTime': 4}} mulyocreative_mulyocreative---lencana-ignisia-dewan-saka-bhayangkara-pramuka--2-pcs-_full03.jpg 188
{u'responseHeader': {u'status': 0, u'maxErrors': 1000, u'errors': [], u'QTime': 5}} bluelans_bluelans_men_fashion_side_zip_long_sleeve_jacket_sweatshirt_cool_slim_fit_outwear_hooded_hoodie_full08.jpg 189
{u'responseHeader': {u'status': 0, u'maxErrors': 1000, u'errors': [], u'QTime': 4}} indoclothing_indoclothing_starngers_things_topi_snapback_unisex_full14_geaslr6p.jpg 190
{u'responseHeader': {u'status': 0, u'maxErrors': 1000, u'errors': [], u'QTime': 4}} tumi_tumi-aloha-bravo-sheppard-deluxe-brief-pack-embossed-tas-ransel---grey_full09.jpg 191
{u'responseHeader': {u'status': 0, u'maxErrors': 1000, u'errors': [], u'QTime': 5}} t-shirt-glory_t-shirt-glory-the-beat-for-t-shirt-pria_full05.jpg 192
{u'responseHeader': {u'status': 0, u'maxErrors': 1000, u'errors': [], u'QTime': 4}} kickers_tas_kulit_slempang_keren_terbaru_kickers_full05.jpg 193
{u'responseHeader': {u'status': 0, u'maxErrors': 1000, u'errors': [], u'QTime': 4}} oem_oem-fashion-korea-mutiara-jeruk-2-tingkat-kalung-wanita---pink_full02.jpg 194
{u'responseHeader': {u'status': 0, u'maxErrors': 1000, u'errors': [], u'QTime': 5}} valentino-rudy_valentino-rudy-vr124-3315---jam-tangan-wanita---silver_full02.jpg 195
{u'responseHeader': {u'status': 0, u'maxErrors': 1000, u'errors': [], u'QTime': 4}} batik-huza_batik-huza-amarila-dress-wanita_full05.jpg 196
{u'responseHeader': {u'status': 0, u'maxErrors': 1000, u'errors': [], u'QTime': 4}} alexandre-christie_alexandre-christie-classic-sporty-jam-tangan-pria--ac-6517-md-_full22.jpg 197
{u'responseHeader': {u'status': 0, u'maxErrors': 1000, u'errors': [], u'QTime': 5}} wenger_wenger-01-0851-122-roadster-black-night-jam-tangan-pria---silver_full02.jpg 198
{u'responseHeader': {u'status': 0, u'maxErrors': 1000, u'errors': [], u'QTime': 4}} point-one_point-one-359781-shelly-shirt-atasan-wanita---blue_full05.jpg 199
{u'responseHeader': {u'status': 0, u'maxErrors': 1000, u'errors': [], u'QTime': 4}} kimochi-me-lingerie_lingerie-kimono-sleeping-robe-putih--1127wkim----baju-tidur--sleepwear--by-kimochi-me_full09.jpg 200
{u'responseHeader': {u'status': 0, u'maxErrors': 1000, u'errors': [], u'QTime': 5}} mutemuse_mutemuse-lunatic-wide-strap-bag---blue_full06.jpg 201
{u'responseHeader': {u'status': 0, u'maxErrors': 1000, u'errors': [], u'QTime': 4}} vm_vm-gamis-baju-koko-muslim-_full60.jpg 202
{u'responseHeader': {u'status': 0, u'maxErrors': 1000, u'errors': [], u'QTime': 4}} bluelans_bluelans-elegant-women-faux-pearl-beads-necklace-bracelet-hook-earrings-party-jewelry-set_full02.jpg 203
{u'responseHeader': {u'status': 0, u'maxErrors': 1000, u'errors': [], u'QTime': 5}} crocodile_crocodile-underwear-briefs-celana-dalam-pria---multicolor--2-pcs--521-275-_full05.jpg 204
{u'responseHeader': {u'status': 0, u'maxErrors': 1000, u'errors': [], u'QTime': 4}} catenzo_catenzo-eva-casual-sandal-wanita---black_full02.jpg 205
{u'responseHeader': {u'status': 0, u'maxErrors': 1000, u'errors': [], u'QTime': 5}} oceanseven_oceanseven-magazine-playboy-magz-logo-02-t-shirt_full03.jpg 206
{u'responseHeader': {u'status': 0, u'maxErrors': 1000, u'errors': [], u'QTime': 7}} indoclothing_indoclothing-lamborghini-snapback-topi-pria_full10.jpg 207
{u'responseHeader': {u'status': 0, u'maxErrors': 1000, u'errors': [], u'QTime': 4}} casio_casio-g-shock-ga-110tx-1a-sneakers-ltd-edition-jam-tangan-pria-black_full05.jpg 208
{u'responseHeader': {u'status': 0, u'maxErrors': 1000, u'errors': [], u'QTime': 4}} alexandre-christie_alexandre-christie-st-steel-leather-strap-chronograph-jam-tangan-pria--ac6486mc-_full17.jpg 209
{u'responseHeader': {u'status': 0, u'maxErrors': 1000, u'errors': [], u'QTime': 5}} miracle-shop_miracle-shop-overall-ghiya-long-dress-jeans-wanita_full03.jpg 210
{u'responseHeader': {u'status': 0, u'maxErrors': 1000, u'errors': [], u'QTime': 5}} swiss-army_swiss-army-sa7415lbw-jam-tangan-pria_full03.jpg 211
{u'responseHeader': {u'status': 0, u'maxErrors': 1000, u'errors': [], u'QTime': 6}} banana-warehouse_banana-overall-1059_full05.jpg 212
{u'responseHeader': {u'status': 0, u'maxErrors': 1000, u'errors': [], u'QTime': 5}} indoclothing_indoclothing-topi-baseball-zatox-03---hitam_full03.jpg 213
{u'responseHeader': {u'status': 0, u'maxErrors': 1000, u'errors': [], u'QTime': 4}} alain-delon_alain-delon-jam-tangan-pria---black-rosegold--ad425-1775c-_full02.jpg 214
{u'responseHeader': {u'status': 0, u'maxErrors': 1000, u'errors': [], u'QTime': 4}} ree_ree-my-go-to-pants-celana-wanita---black_full05.jpg 215
{u'responseHeader': {u'status': 0, u'maxErrors': 1000, u'errors': [], u'QTime': 5}} catenzo_catenzo_handmade_rotelli_sepatu_boot_pria__full03.jpg 216
{u'responseHeader': {u'status': 0, u'maxErrors': 1000, u'errors': [], u'QTime': 4}} jersi-clothing_jersi-clothing-naruto-velvet-flock-print-orange-t-shirt_full01.jpg 217
{u'responseHeader': {u'status': 0, u'maxErrors': 1000, u'errors': [], u'QTime': 4}} gudang_fashion_kemeja_koko_pria_muslimin_lengan_panjang_full17.jpg 218
{u'responseHeader': {u'status': 0, u'maxErrors': 1000, u'errors': [], u'QTime': 5}} monstore_monstore-no-shyt-tee-nos1612006gry0-dark-grey-t-shirt-unisex_full06.jpg 219
{u'responseHeader': {u'status': 0, u'maxErrors': 1000, u'errors': [], u'QTime': 4}} posh_the_label_posh_the_label_victoria_dress_-c24-_full05.jpg 220
{u'responseHeader': {u'status': 0, u'maxErrors': 1000, u'errors': [], u'QTime': 4}} grandir_grandir-0912820002bla-clutch-bag---black_full08.jpg 221
{u'responseHeader': {u'status': 0, u'maxErrors': 1000, u'errors': [], u'QTime': 4}} elfs_shop_elfs_shop_waterproof_import_tas_selempang_pria_-1ax802-_full16_kklmd8po.jpg 222
{u'responseHeader': {u'status': 0, u'maxErrors': 1000, u'errors': [], u'QTime': 5}} butik-dukomsel_casio-edifice-ef-334d-7avdf-silver-biru-jam-tangan-pria_full01.jpg 223
{u'responseHeader': {u'status': 0, u'maxErrors': 1000, u'errors': [], u'QTime': 4}} gudang_fashion_gudang_fashion_polo_shirt_pria__full17.jpg 224
{u'responseHeader': {u'status': 0, u'maxErrors': 1000, u'errors': [], u'QTime': 72}} expedition_expedition_cronograph_jam_tangan_pria_-6356_byjd5h1000-brsl-_full08_ey9rav89.jpg 225
{u'responseHeader': {u'status': 0, u'maxErrors': 1000, u'errors': [], u'QTime': 5}} gemius_army_gemius_army_jam_tangan_pria_militer_sport_fashion_terbaru_strap_rugged_full05.jpg 226
{u'responseHeader': {u'status': 0, u'maxErrors': 1000, u'errors': [], u'QTime': 4}} odza_odza_classic_merak_titik_kemeja_batik_pria_-_biru_full03_mytktdfe.jpg 227
{u'responseHeader': {u'status': 0, u'maxErrors': 1000, u'errors': [], u'QTime': 4}} buccheri_buccheri-edzard-sepatu-boots-pria_full28.jpg 228
{u'responseHeader': {u'status': 0, u'maxErrors': 1000, u'errors': [], u'QTime': 5}} jfashion_jfashion-premium-gamis-polos-variasi-renda-tangan-panjang---diana-pink_full08.jpg 229
{u'responseHeader': {u'status': 0, u'maxErrors': 1000, u'errors': [], u'QTime': 4}} brodo_brodo-generic-e--sneakers-sepatu-pria_full12.jpg 230
{u'responseHeader': {u'status': 0, u'maxErrors': 1000, u'errors': [], u'QTime': 4}} ic-club_ic-club-slim-fit-kemeja-pria-niko_full15.jpg 231
{u'responseHeader': {u'status': 0, u'maxErrors': 1000, u'errors': [], u'QTime': 5}} skagen_skagen-hagen-analog-watch-slim-leather-jam-tangan-pria--skw6471-_full03.jpg 232
{u'responseHeader': {u'status': 0, u'maxErrors': 1000, u'errors': [], u'QTime': 4}} velicia_velicia-irene--renda-flat-shoes-wanita_full21.jpg 233
{u'responseHeader': {u'status': 0, u'maxErrors': 1000, u'errors': [], u'QTime': 4}} fossil_fossil-pilot-54-fs5178-jam-tangan-pria---silver_full03.jpg 234
{u'responseHeader': {u'status': 0, u'maxErrors': 1000, u'errors': [], u'QTime': 6}} orori_orori-obwr2440-11_full01.jpg 235
{u'responseHeader': {u'status': 0, u'maxErrors': 1000, u'errors': [], u'QTime': 4}} posh-jewellery_posh-jewellery-t01007713-fashion-ladies-ring_full02.jpg 236
{u'responseHeader': {u'status': 0, u'maxErrors': 1000, u'errors': [], u'QTime': 4}} archipelago_texture_archipelago_texture_narayana_kemeja_batik_lengan_pendek_pria_-_putih_full05.jpg 237
{u'responseHeader': {u'status': 0, u'maxErrors': 1000, u'errors': [], u'QTime': 5}} mastindo-accessories_mastindo-accessories-ma-315452-cincin---silver_full02.jpg 238
{u'responseHeader': {u'status': 0, u'maxErrors': 1000, u'errors': [], u'QTime': 70}} swiss-army_swiss-army-sa-07011-ad-jam-tangan-pria---coklat_full02.jpg 239
{u'responseHeader': {u'status': 0, u'maxErrors': 1000, u'errors': [], u'QTime': 4}} emba-classic_emba-classic-loi-atasan-pira---white--860-06205-28-_full02.jpg 240
{u'responseHeader': {u'status': 0, u'maxErrors': 1000, u'errors': [], u'QTime': 5}} garsel_garsel-g1gtd-8012-kasual-sandal-flats-wanita_full02.jpg 241
{u'responseHeader': {u'status': 0, u'maxErrors': 1000, u'errors': [], u'QTime': 4}} guess_guess_-w1186g1-w1186g3-_jam_tangan_pria_full03.jpg 242
{u'responseHeader': {u'status': 0, u'maxErrors': 1000, u'errors': [], u'QTime': 4}} straps_straps-tali-jam-tangan-20-ntb-16_full03.jpg 243
{u'responseHeader': {u'status': 0, u'maxErrors': 1000, u'errors': [], u'QTime': 4}} caresse_caresse-9602-semi-long-shapewear-bra-set---black--cup-b-_full04.jpg 244
{u'responseHeader': {u'status': 0, u'maxErrors': 1000, u'errors': [], u'QTime': 70}} you-ve_you-ve-bra-brukat-point-1593-red_full05.jpg 245
{u'responseHeader': {u'status': 0, u'maxErrors': 1000, u'errors': [], u'QTime': 5}} gudang_fashion_gudang_fashion_fleece_hoodie_jaket_kasual_pria_full09.jpg 246
{u'responseHeader': {u'status': 0, u'maxErrors': 1000, u'errors': [], u'QTime': 5}} kuzatura_kuzatura-men-shirt-kasual-kemeja-pria-kkc-456---green_full04.jpg 247
{u'responseHeader': {u'status': 0, u'maxErrors': 1000, u'errors': [], u'QTime': 5}} aigner_aigner-roma-a38528-stainless-steel-jam-tangan-pria---blue-silver_full02.jpg 248
{u'responseHeader': {u'status': 0, u'maxErrors': 1000, u'errors': [], u'QTime': 4}} cdhjewelry_cdhjewelry-cc041-titanium-anti-karat-cincin-couple----female-6---male-7-_full02.jpg 249
{u'responseHeader': {u'status': 0, u'maxErrors': 1000, u'errors': [], u'QTime': 4}} sjo---simpaply_sjo-garnitos-flower-women-s-skirt---black_full29.jpg 250
{u'responseHeader': {u'status': 0, u'maxErrors': 1000, u'errors': [], u'QTime': 4}} jayashree_jayashree_ganesh_slimfit_exclusive_long_sleeve_shirt_pria_full06.jpg 251
{u'responseHeader': {u'status': 0, u'maxErrors': 1000, u'errors': [], u'QTime': 5}} lansdeal_unisex-retro-geometric-backpacks-printing-bags-drawstring---black_full03.jpg 253
{u'responseHeader': {u'status': 0, u'maxErrors': 1000, u'errors': [], u'QTime': 5}} elfs-shop_elfs-shop-slim-dasi---hijau-tua_full03.jpg 254
{u'responseHeader': {u'status': 0, u'maxErrors': 1000, u'errors': [], u'QTime': 6}} alphabet_ordinal-clash-of-clans-edition-07-merah-putih-raglan_full01.jpg 255
{u'responseHeader': {u'status': 0, u'maxErrors': 1000, u'errors': [], u'QTime': 4}} oceanseven_oceanseven-all-about-bicycle-13-t-shirt_full03.jpg 256
{u'responseHeader': {u'status': 0, u'maxErrors': 1000, u'errors': [], u'QTime': 5}} eiger_eiger-ws-high-note-trail-bandana_full05.jpg 257
{u'responseHeader': {u'status': 0, u'maxErrors': 1000, u'errors': [], u'QTime': 4}} daavuu_daavuu-maverick-crossbody-bag-waist-bag-unisex_full14.jpg 258
{u'responseHeader': {u'status': 0, u'maxErrors': 1000, u'errors': [], u'QTime': 4}} kaka_original-kaka-99009-outdoor-crossbody-chest-sling-bag---grey_full09.jpg 259
{u'responseHeader': {u'status': 0, u'maxErrors': 1000, u'errors': [], u'QTime': 4}} ellipses-inc_ellipses-inc-hello-friday-tumblr-tee-t-shirt-wanita-lengan-pendek---hitam_full06.jpg 260
{u'responseHeader': {u'status': 0, u'maxErrors': 1000, u'errors': [], u'QTime': 5}} vm_vm-batik-pendek-slimfit-kemeja-pria---biru--b-404-_full05.jpg 261
{u'responseHeader': {u'status': 0, u'maxErrors': 1000, u'errors': [], u'QTime': 4}} straps_straps-kulit-gelang-blmbrg-gold-gold-m_full04.jpg 262
{u'responseHeader': {u'status': 0, u'maxErrors': 1000, u'errors': [], u'QTime': 4}} tata-bali_tata-bali-shop-162-kalung-fashion-wanita-khas-bali---red-black_full02.jpg 263
{u'responseHeader': {u'status': 0, u'maxErrors': 1000, u'errors': [], u'QTime': 5}} bridges-eyewear_bridges-eyewear-tappan-frame-kacamata-pria---marbled-orange---black--356-f-bi-gz-v-tap356-c77-_full05.jpg 264
{u'responseHeader': {u'status': 0, u'maxErrors': 1000, u'errors': [], u'QTime': 209}} syaqinah_syaqinah-sepatu-pantofel-pria-107---hitam_full02.jpg 265
{u'responseHeader': {u'status': 0, u'maxErrors': 1000, u'errors': [], u'QTime': 4}} yongki-komaladi_yongki-komaladi-ol-3100181-gabriel-sepatu-wanita---black_full02.jpg 266
{u'responseHeader': {u'status': 0, u'maxErrors': 1000, u'errors': [], u'QTime': 5}} zayidan_kaos-gamis-muslim-pria---denim-pockets_full60.jpg 267
{u'responseHeader': {u'status': 0, u'maxErrors': 1000, u'errors': [], u'QTime': 70}} charles-jourdan_charles-jourdan-jam-tangan-wanita-charles-jourdan-cj1059-2-multifunction-stainless-steel_full03.jpg 268
{u'responseHeader': {u'status': 0, u'maxErrors': 1000, u'errors': [], u'QTime': 4}} andhita-by-andhita-siswandi_andhita-by-andhita-siswandi-ads-520-307-edith-rok-wanita---black_full02.jpg 269
{u'responseHeader': {u'status': 0, u'maxErrors': 1000, u'errors': [], u'QTime': 5}} oceanseven_oceanseven-beer-wine-cocktails-10-t-shirt_full03.jpg 270
{u'responseHeader': {u'status': 0, u'maxErrors': 1000, u'errors': [], u'QTime': 68}} inficlo_inficlo-dompet-casual-pria--sar-324-_full03.jpg 271
{u'responseHeader': {u'status': 0, u'maxErrors': 1000, u'errors': [], u'QTime': 5}} reebok_reebok-rd-pul-g0-pbpb-bahan-tali-silicone-jam-tangan-pria_full03.jpg 272
{u'responseHeader': {u'status': 0, u'maxErrors': 1000, u'errors': [], u'QTime': 5}} code_coodee-r-4009_full05.jpg 273
{u'responseHeader': {u'status': 0, u'maxErrors': 1000, u'errors': [], u'QTime': 4}} oceanseven_oceanseven-music-kpop-shinee-photo-11-t-shirt_full03.jpg 274
{u'responseHeader': {u'status': 0, u'maxErrors': 1000, u'errors': [], u'QTime': 4}} catenzo_catenzo-dusk-sandal-kasual-pria---black--kn-065-_full02.jpg 275
{u'responseHeader': {u'status': 0, u'maxErrors': 1000, u'errors': [], u'QTime': 6}} serena_serene-rai-mt10726-dress-wanita---cream_full02.jpg 276
{u'responseHeader': {u'status': 0, u'maxErrors': 1000, u'errors': [], u'QTime': 4}} cocoa_jewelry_cocoa_jewelry_you_are_my_love_kalung_wanita_full04_rvbkt2fj.jpg 277
{u'responseHeader': {u'status': 0, u'maxErrors': 1000, u'errors': [], u'QTime': 4}} lapak_musiman_lapak_musiman_titanium_model_padi_kalung_pria_full05_rcc5melh.jpg 278
{u'responseHeader': {u'status': 0, u'maxErrors': 1000, u'errors': [], u'QTime': 6}} curren_jam_tangan_pria_curren_8106_tanggal_aktif__jam_tangan_jam_tangan_pria_2_full05.jpg 279
{u'responseHeader': {u'status': 0, u'maxErrors': 1000, u'errors': [], u'QTime': 4}} geoff_max_geoff_max_estelle_gum_sepatu_sneaker_pria__full06_nfh7yv41.jpg 280
{u'responseHeader': {u'status': 0, u'maxErrors': 1000, u'errors': [], u'QTime': 4}} koesoema-clothing_koesoema-clothing-elma-batik-tunik-dress-wanita_full26.jpg 281
{u'responseHeader': {u'status': 0, u'maxErrors': 1000, u'errors': [], u'QTime': 4}} indoclothing_indoclothing_glory_mu_topi_baseball_unisex__full07_r74kenx5.jpg 282
{u'responseHeader': {u'status': 0, u'maxErrors': 1000, u'errors': [], u'QTime': 5}} kusuma_putri_kusuma_kemeja_men-s_-pdhicmb518-__full03.jpg 283
{u'responseHeader': {u'status': 0, u'maxErrors': 1000, u'errors': [], u'QTime': 4}} zahra_signature_zahra_signature_-_longpant_spandex_office_ring_rina_full20.jpg 284
{u'responseHeader': {u'status': 0, u'maxErrors': 1000, u'errors': [], u'QTime': 4}} asia-watch_seiko-5-sport-srp513k1_full01.jpg 285
{u'responseHeader': {u'status': 0, u'maxErrors': 1000, u'errors': [], u'QTime': 5}} your-hands_your-hands-diksha-jewelry-earring-anting-wanita_full03.jpg 286
{u'responseHeader': {u'status': 0, u'maxErrors': 1000, u'errors': [], u'QTime': 4}} casio_casio-illuminator-world-time--ae-1000w-2a-navy-blue-jam-tangan-pria_full02.jpg 287
{u'responseHeader': {u'status': 0, u'maxErrors': 1000, u'errors': [], u'QTime': 5}} oceanseven_oceanseven-footbal-keep-calm-and-pride-battle-t-shirt_full04.jpg 288
{u'responseHeader': {u'status': 0, u'maxErrors': 1000, u'errors': [], u'QTime': 5}} lorenzo_lorenzo_1077l_jam_tangan_wanita_full07.jpg 289
{u'responseHeader': {u'status': 0, u'maxErrors': 1000, u'errors': [], u'QTime': 5}} alba_alba-jam-tangan-pria--as9f25-_full03.jpg 290
{u'responseHeader': {u'status': 0, u'maxErrors': 1000, u'errors': [], u'QTime': 4}} ellipses_inc_ellipses_inc_tumblr_tee_body_girl_t-shirt_wanita_full39_c9i4x3ss.jpg 291
{u'responseHeader': {u'status': 0, u'maxErrors': 1000, u'errors': [], u'QTime': 6}} alphabet_ordinal-typography-love-02-kuning-kaos-pria_full01.jpg 292
{u'responseHeader': {u'status': 0, u'maxErrors': 1000, u'errors': [], u'QTime': 4}} kimochi-me-lingerie_kimochi-me-lingerie-dress-cream-transparent--zclin1039-_full05.jpg 293
{u'responseHeader': {u'status': 0, u'maxErrors': 1000, u'errors': [], u'QTime': 4}} indoclothing_indoclothing-legends-are-born-in-august-topi-snapback-pria_full32.jpg 294
{u'responseHeader': {u'status': 0, u'maxErrors': 1000, u'errors': [], u'QTime': 7}} alphawear_alphawear-premium-formal-style-blazer-pria_full05.jpg 295
{u'responseHeader': {u'status': 0, u'maxErrors': 1000, u'errors': [], u'QTime': 72}} asia-watch_jam-tangan-pria-alexandre-christie-8329mdbbrba_full01.jpg 296
{u'responseHeader': {u'status': 0, u'maxErrors': 1000, u'errors': [], u'QTime': 6}} java-seven_java-seven-lst-101-slipon-sepatu-pria---hitam_full02.jpg 297
{u'responseHeader': {u'status': 0, u'maxErrors': 1000, u'errors': [], u'QTime': 6}} asana_asana-tanara-short-sleeves-kemeja-pria---yellow_full05.jpg 298
{u'responseHeader': {u'status': 0, u'maxErrors': 1000, u'errors': [], u'QTime': 4}} alexandre-christie_alexandre-christie-8565-mdbssba_full02.jpg 299
{u'responseHeader': {u'status': 0, u'maxErrors': 1000, u'errors': [], u'QTime': 5}} ts-the-label_ts-the-label-black-hat---black--tshat-002-_full02.jpg 300
{u'responseHeader': {u'status': 0, u'maxErrors': 1000, u'errors': [], u'QTime': 77}} curren_jam_tangan_pria__jam_tangan_jam_tangan_pria_curren_8229_full02.jpg 301
{u'responseHeader': {u'status': 0, u'maxErrors': 1000, u'errors': [], u'QTime': 5}} jclothes_jclothes-berak-kaos-wanita-tumblr-tee-branded---hitam_full05.jpg 302
{u'responseHeader': {u'status': 0, u'maxErrors': 1000, u'errors': [], u'QTime': 4}} be-juu_be-juu-kalung-one-more-love-korean-jewelry_full03.jpg 303
{u'responseHeader': {u'status': 0, u'maxErrors': 1000, u'errors': [], u'QTime': 5}} bluelans_bluelans-shiny-full-rhinestone-hollow-peacock-brooch-pin-wedding-jewelry--blue-_full03.jpg 304
{u'responseHeader': {u'status': 0, u'maxErrors': 1000, u'errors': [], u'QTime': 4}} oceanseven_oceanseven-wos-wolverine-08-t-shirt_full04.jpg 305
{u'responseHeader': {u'status': 0, u'maxErrors': 1000, u'errors': [], u'QTime': 4}} aily_aily-801-korset-busa-celana-dalam---coklat-muda_full03.jpg 306
{u'responseHeader': {u'status': 0, u'maxErrors': 1000, u'errors': [], u'QTime': 458}} 2nd-red_2nd-red-ripped-denim-regular-fit---hitam-r111612_full06.jpg 307
{u'responseHeader': {u'status': 0, u'maxErrors': 1000, u'errors': [], u'QTime': 6}} a-d-fashion_a-d-fashion-ms-1026-ladies-blouse-lng-sleeve---red_full05.jpg 308
{u'responseHeader': {u'status': 0, u'maxErrors': 1000, u'errors': [], u'QTime': 4}} unisox_unisox-kaos-kaki-invisible-model-three-stripe_full07.jpg 309
{u'responseHeader': {u'status': 0, u'maxErrors': 1000, u'errors': [], u'QTime': 5}} indoclothing_indoclothing-games-devil-may-cry-kaos-unisex_full07.jpg 310
{u'responseHeader': {u'status': 0, u'maxErrors': 1000, u'errors': [], u'QTime': 4}} bonia_bonia-b10079-2517-jam-tangan-wanita_full02.jpg 311
{u'responseHeader': {u'status': 0, u'maxErrors': 1000, u'errors': [], u'QTime': 4}} sjo---simpaply_sjo-s-napoli-blue-tosca-women-s-blouse_full08.jpg 312
{u'responseHeader': {u'status': 0, u'maxErrors': 1000, u'errors': [], u'QTime': 5}} cahaya-tapis-lampung_cahaya-tapis-lampung-tapis-clutch-wanita---black-gold_full02.jpg 313
{u'responseHeader': {u'status': 0, u'maxErrors': 1000, u'errors': [], u'QTime': 4}} hmill_hmill_1644_baju_hamil_dress_hamil__full15_lbw2mwh2.jpg 314
{u'responseHeader': {u'status': 0, u'maxErrors': 1000, u'errors': [], u'QTime': 4}} nike_nike_x_stranger_things_t-shirt_pria_-ck2342-323-_full02.jpg 315
{u'responseHeader': {u'status': 0, u'maxErrors': 1000, u'errors': [], u'QTime': 5}} casio_casio-g-shock-gma-s110f-2a-d46h1849brpkn-dual-time-jam-tangan-pria-rubber-starp-biru_full03.jpg 316
{u'responseHeader': {u'status': 0, u'maxErrors': 1000, u'errors': [], u'QTime': 5}} lansdeal_fashion-backpack-women-schoolbag-back-pack-leisure-travel-school-bags---white-_full06.jpg 317
{u'responseHeader': {u'status': 0, u'maxErrors': 1000, u'errors': [], u'QTime': 4}} nokha_nokha-nolan-sepatu-pria---beige-grey_full05.jpg 318
{u'responseHeader': {u'status': 0, u'maxErrors': 1000, u'errors': [], u'QTime': 4}} manly_manly-slim-fit-friedel-short-sleeve-kemeja-pria_full31.jpg 319
{u'responseHeader': {u'status': 0, u'maxErrors': 1000, u'errors': [], u'QTime': 73}} nike_nike-air-more-uptempo-w-pinch-volt-sepatu-sneakers-wanita---black_full05.jpg 320
{u'responseHeader': {u'status': 0, u'maxErrors': 1000, u'errors': [], u'QTime': 4}} batik-aksen-tropis_batik-aksen-tropis---hem-pendek-acak-coklat-semarangan---brown_full04.jpg 321
{u'responseHeader': {u'status': 0, u'maxErrors': 1000, u'errors': [], u'QTime': 4}} hush-puppies_hush-puppies-brick-cross-in-casual-sandal-pria_full05.jpg 322
{u'responseHeader': {u'status': 0, u'maxErrors': 1000, u'errors': [], u'QTime': 5}} kus-group_kus-group-sosor-twist-hijab---coklat-muda_full02.jpg 323
{u'responseHeader': {u'status': 0, u'maxErrors': 1000, u'errors': [], u'QTime': 4}} airwalk_airwalk-lucid-two-tones-men-s-sandals_full78.jpg 324
{u'responseHeader': {u'status': 0, u'maxErrors': 1000, u'errors': [], u'QTime': 4}} madha_madha_di_kala_rintik_outer_batik_wanita_full09.jpg 325
{u'responseHeader': {u'status': 0, u'maxErrors': 1000, u'errors': [], u'QTime': 4}} carvil_carvil-serena-l-51-srn-001-05-sandal-wanita---black_full02.jpg 326
{u'responseHeader': {u'status': 0, u'maxErrors': 1000, u'errors': [], u'QTime': 6}} gshop_gshop-kasual-t-shirt-pria--ad-ign-0855-_full02.jpg 327
{u'responseHeader': {u'status': 0, u'maxErrors': 1000, u'errors': [], u'QTime': 5}} casio_casio-baby-g-bga-240-adr-jam-tangan-wanita_full10.jpg 328
{u'responseHeader': {u'status': 0, u'maxErrors': 1000, u'errors': [], u'QTime': 70}} aamour_aamour-small-diamond-wallet---light-blue_full03.jpg 329
{u'responseHeader': {u'status': 0, u'maxErrors': 1000, u'errors': [], u'QTime': 5}} asia-watch_lee-cooper-east-ham-lc-42g-a-jam-tangan-pria_full01.jpg 330
{u'responseHeader': {u'status': 0, u'maxErrors': 1000, u'errors': [], u'QTime': 4}} fashion_fashion-0930080060-backpack-tas-ransel-wanita---black_full05.jpg 331
{u'responseHeader': {u'status': 0, u'maxErrors': 1000, u'errors': [], u'QTime': 4}} alphabet_ordinal-liverpool-04-merah-kaos-pria_full01.jpg 332
{u'responseHeader': {u'status': 0, u'maxErrors': 1000, u'errors': [], u'QTime': 5}} wacoal_wacoal_ib_4350_3-4_cup_wire_basic_collection_bra_wanita_full10.jpg 333
{u'responseHeader': {u'status': 0, u'maxErrors': 1000, u'errors': [], u'QTime': 4}} bonia-rosso_bonia-rosso-bnb10275-2243-stainless-steel-gold-plat-coklat-jam-tangan-wanita_full02.jpg 334
{u'responseHeader': {u'status': 0, u'maxErrors': 1000, u'errors': [], u'QTime': 4}} oceanseven_oceanseven-league-of-legend-08-bv-t-shirt_full03.jpg 335
{u'responseHeader': {u'status': 0, u'maxErrors': 1000, u'errors': [], u'QTime': 5}} hmill-baju-hamil_hmill-163-abu-celana-jegging-hamil_full01.jpg 336
{u'responseHeader': {u'status': 0, u'maxErrors': 1000, u'errors': [], u'QTime': 4}} 1901-jewelry-_1901-jewelry-kl-958-47-hr66-10-kalung-258-47---gold--lapis-emas-24k-_full01.jpg 337
{u'responseHeader': {u'status': 0, u'maxErrors': 1000, u'errors': [], u'QTime': 5}} straps_20-ntb-cam03_full02.jpg 338
{u'responseHeader': {u'status': 0, u'maxErrors': 1000, u'errors': [], u'QTime': 7}} skmei_skmei-analog-jam-tangan-pria---red--9148-_full05.jpg 339
{u'responseHeader': {u'status': 0, u'maxErrors': 1000, u'errors': [], u'QTime': 70}} indoclothing_indoclothing-topi-snapback-dvbbs-01---hitam_full04.jpg 340
{u'responseHeader': {u'status': 0, u'maxErrors': 1000, u'errors': [], u'QTime': 4}} casio_casio-mtp-1336d-7adf-stainless-steel-jam-tangan-wanita---silver_full04.jpg 341
{u'responseHeader': {u'status': 0, u'maxErrors': 1000, u'errors': [], u'QTime': 4}} raindoz_raindoz-koko-casual-pria---rnk003_full02.jpg 342
{u'responseHeader': {u'status': 0, u'maxErrors': 1000, u'errors': [], u'QTime': 5}} royale_royale-jewel--wgp-042a-kalung-perak-emas-putih-dan-mutiara-asli_full02.jpg 343
{u'responseHeader': {u'status': 0, u'maxErrors': 1000, u'errors': [], u'QTime': 5}} inficlo_inficlo-jaket-kasual-pria--sdk-317-_full04.jpg 344
{u'responseHeader': {u'status': 0, u'maxErrors': 1000, u'errors': [], u'QTime': 4}} java-seven_java-seven-sandal-kelom-wanita--bji-678----coklat-kom_full05.jpg 345
{u'responseHeader': {u'status': 0, u'maxErrors': 1000, u'errors': [], u'QTime': 5}} raindoz_raindoz-sandal-slippers-wanita-casual-christin-merah_full02.jpg 346
{u'responseHeader': {u'status': 0, u'maxErrors': 1000, u'errors': [], u'QTime': 4}} kuzatura_kuzatura-kch-656-tas-backpack-wanita---krem_full04.jpg 347
{u'responseHeader': {u'status': 0, u'maxErrors': 1000, u'errors': [], u'QTime': 4}} catenzo_catenzo-sandal-teplek-spoolwood-jb-135_full02.jpg 348
{u'responseHeader': {u'status': 0, u'maxErrors': 1000, u'errors': [], u'QTime': 5}} tumi_tumi-alpha-bravo-newport-utility-pouch-pack-pria---black_full06.jpg 349
{u'responseHeader': {u'status': 0, u'maxErrors': 1000, u'errors': [], u'QTime': 4}} flextreme_flextreme-tas-selempang-pria--b535-_full08.jpg 350
{u'responseHeader': {u'status': 0, u'maxErrors': 1000, u'errors': [], u'QTime': 4}} indoclothing_indoclothing_unisex_glory_mu_topi_trucker__full19_5r844fo.jpg 351
{u'responseHeader': {u'status': 0, u'maxErrors': 1000, u'errors': [], u'QTime': 5}} indoclothing_indoclothing_far_from_home_jaket_hoodie_unisex_full05_sc4bm96g.jpg 352
{u'responseHeader': {u'status': 0, u'maxErrors': 1000, u'errors': [], u'QTime': 4}} syaqinah_syaqinah-jaket-pria---tosca--135-_full02.jpg 353
{u'responseHeader': {u'status': 0, u'maxErrors': 1000, u'errors': [], u'QTime': 4}} adelle_jewellery_adelle_jewellery_-_rose_d-amour_solitaire_ring_-_alba_-_white_gold_-_with_diamond_beauty_certification_by_gemex_usa_-adr1904001-_full05.jpg 354
{u'responseHeader': {u'status': 0, u'maxErrors': 1000, u'errors': [], u'QTime': 5}} jayabaya-batik_jayabaya-batik-kemeja-batik-lengan-panjang-pria--jy0067-_full05.jpg 355
{u'responseHeader': {u'status': 0, u'maxErrors': 1000, u'errors': [], u'QTime': 4}} lvnatica-footwear_lvnatica-footwear-sepatu-pria-neval-leather-dress-shoes_full05.jpg 356
{u'responseHeader': {u'status': 0, u'maxErrors': 1000, u'errors': [], u'QTime': 4}} the_x_woof_the_x_woof_sneakers_sepatu_pria_-yfoot-se_1-0-_full16_mge0sc43.jpg 357
{u'responseHeader': {u'status': 0, u'maxErrors': 1000, u'errors': [], u'QTime': 75}} bonia_bonia_bnb10530_stainless_steel_jam_tangan_wanita__full10.jpg 358
{u'responseHeader': {u'status': 0, u'maxErrors': 1000, u'errors': [], u'QTime': 4}} gaff_gaff-11709-6202-s-m85-pasha-dress_full02.jpg 359
{u'responseHeader': {u'status': 0, u'maxErrors': 1000, u'errors': [], u'QTime': 4}} draisal-batik_draisal-batik-sgd99910317-rose-batik-wanita---salem_full02.jpg 360
{u'responseHeader': {u'status': 0, u'maxErrors': 1000, u'errors': [], u'QTime': 5}} q-q_q-q-vp46j031y-sporty-jam-tangan-wanita---blue_full05.jpg 361
{u'responseHeader': {u'status': 0, u'maxErrors': 1000, u'errors': [], u'QTime': 66}} cdhjewelry_cdhjewelry-cc002-titanium-anti-karat-cincin-couple--female-6---male-7-_full02.jpg 362
{u'responseHeader': {u'status': 0, u'maxErrors': 1000, u'errors': [], u'QTime': 4}} guess_guess-jam-tangan-wanita-analog-w1152l1_full02.jpg 363
{u'responseHeader': {u'status': 0, u'maxErrors': 1000, u'errors': [], u'QTime': 5}} cannies_stores_cannies_stores_liontin_stainless_steel_huruf_alphabet_t_rantai_titanium_kalung_wanita_full05.jpg 364
{u'responseHeader': {u'status': 0, u'maxErrors': 1000, u'errors': [], u'QTime': 4}} bluelans_bluelans-men-s-fashion-adjustable-baseball-cap-star-pattern-flat-top-breathable-sports-hat_full10.jpg 365
{u'responseHeader': {u'status': 0, u'maxErrors': 1000, u'errors': [], u'QTime': 4}} espro_espro-tas-ransel-laptop-backpack-rl-284_full05.jpg 366
{u'responseHeader': {u'status': 0, u'maxErrors': 1000, u'errors': [], u'QTime': 5}} bonia_bonia-bnb10297-2345s-jam-tangan-wanita_full02.jpg 367
{u'responseHeader': {u'status': 0, u'maxErrors': 1000, u'errors': [], u'QTime': 4}} nicholas-keith_nicholas-keith-dakota-26mm-nk5102_full05.jpg 368
{u'responseHeader': {u'status': 0, u'maxErrors': 1000, u'errors': [], u'QTime': 4}} wakai_wakai_wak-fw11802-shou_sepatu_wanita_navy-mustard_full02.jpg 369
{u'responseHeader': {u'status': 0, u'maxErrors': 1000, u'errors': [], u'QTime': 5}} lene_lene-amelie-set--331-_full04.jpg 370
{u'responseHeader': {u'status': 0, u'maxErrors': 1000, u'errors': [], u'QTime': 4}} khadijah_khadijah_jims_honey_ellen_dompet_wanita_full07.jpg 371
{u'responseHeader': {u'status': 0, u'maxErrors': 1000, u'errors': [], u'QTime': 4}} mandalay_mandalay-regular-celana-wanita---black-denim_full04.jpg 372
{u'responseHeader': {u'status': 0, u'maxErrors': 1000, u'errors': [], u'QTime': 5}} fortuner_fortuner-fr-j-540ad-jam-tangan-wanita---blue-sky_full02.jpg 373
{u'responseHeader': {u'status': 0, u'maxErrors': 1000, u'errors': [], u'QTime': 4}} bluelans_bluelans-luxury-women-rhinestone-leaf-dangle-ear-stud-earrings-eardrop-wedding-jewelry-gold_full04.jpg 374
{u'responseHeader': {u'status': 0, u'maxErrors': 1000, u'errors': [], u'QTime': 4}} daniel-wellington_jam-casual-wanita-daniel-wellington-watch-petite-ashfield-with-cuff--diameter-32mm-_full14.jpg 375
{u'responseHeader': {u'status': 0, u'maxErrors': 1000, u'errors': [], u'QTime': 5}} catenzo_catenzo-nt-042-sepatu-kasual-pria_full02.jpg 376
{u'responseHeader': {u'status': 0, u'maxErrors': 1000, u'errors': [], u'QTime': 4}} d-island-shoes_d-island-shoes-log-sepatu-pria_full02.jpg 377
{u'responseHeader': {u'status': 0, u'maxErrors': 1000, u'errors': [], u'QTime': 4}} ic-club_ic-club-reguler-kemeja-pria--18-1315-_full21.jpg 378
{u'responseHeader': {u'status': 0, u'maxErrors': 1000, u'errors': [], u'QTime': 5}} black-master_black-master-arlx-sepatu-sneakers-pria---navy_full14.jpg 379
{u'responseHeader': {u'status': 0, u'maxErrors': 1000, u'errors': [], u'QTime': 4}} crocs_crocs-crocband-clog-sandal-unisex--11016001-_full05.jpg 380
{u'responseHeader': {u'status': 0, u'maxErrors': 1000, u'errors': [], u'QTime': 5}} expedition_expedition-6692mclbrba-jam-tangan-pria---rose-gold_full02.jpg 381
{u'responseHeader': {u'status': 0, u'maxErrors': 1000, u'errors': [], u'QTime': 7}} men-s-jewelry_men-s-jewelry-don-kulit-gelang-pria---brown--18-cm--size-s-_full05.jpg 382
{u'responseHeader': {u'status': 0, u'maxErrors': 1000, u'errors': [], u'QTime': 4}} orca-bay_orca-bay-bora-sandal-casual-pria---black_full05.jpg 383
{u'responseHeader': {u'status': 0, u'maxErrors': 1000, u'errors': [], u'QTime': 4}} d-island-shoes_d-island-shoes-slip-on-luxury-sepatu-formal-pria---black_full05.jpg 384
{u'responseHeader': {u'status': 0, u'maxErrors': 1000, u'errors': [], u'QTime': 5}} swiss-army_swiss-army-sa2267lby-jam-tangan-pria_full03.jpg 385
{u'responseHeader': {u'status': 0, u'maxErrors': 1000, u'errors': [], u'QTime': 4}} okechuku_winter-soul-training-jogger-pants-okechuku_full02.jpg 386
{u'responseHeader': {u'status': 0, u'maxErrors': 1000, u'errors': [], u'QTime': 5}} parasika_parasika-batik-kemeja-lengan-pendek-pria--x4099-nb55a205-_full13.jpg 387
{u'responseHeader': {u'status': 0, u'maxErrors': 1000, u'errors': [], u'QTime': 5}} vm_vm-rompi-jas---vest-blazer-hitam--v-022-_full05.jpg 388
{u'responseHeader': {u'status': 0, u'maxErrors': 1000, u'errors': [], u'QTime': 71}} thanks-mother_thanks-mother-luffy-buserr-t-shirt-pria_full03.jpg 389
{u'responseHeader': {u'status': 0, u'maxErrors': 1000, u'errors': [], u'QTime': 4}} ardiles_ardiles-neox-hayyan-sepatu-sneakers-pria_full54.jpg 390
{u'responseHeader': {u'status': 0, u'maxErrors': 1000, u'errors': [], u'QTime': 5}} gaby_gaby-tas-ransel-wanita_full13.jpg 391
{u'responseHeader': {u'status': 0, u'maxErrors': 1000, u'errors': [], u'QTime': 5}} reebok_reebok-rb-rd-ims-l2-s1ib-b1-s2ib-b2-l2-s3ia-a3-s3iw-13-sporty-impact-stone-series-analog-jam-tangan-wanita_full11.jpg 392
{u'responseHeader': {u'status': 0, u'maxErrors': 1000, u'errors': [], u'QTime': 5}} cdhjewelry_cdhjewelry-titanium-anti-karat-cc057-cincin-couple--female-6---male-7-_full02.jpg 393
{u'responseHeader': {u'status': 0, u'maxErrors': 1000, u'errors': [], u'QTime': 5}} xq-moslem-wear_xq-moslem-wear-kara-long-dress---purple_full05.jpg 394
{u'responseHeader': {u'status': 0, u'maxErrors': 1000, u'errors': [], u'QTime': 70}} syaqinah_syaqinah-sepatu-sandal-pria---coklat--374-_full07.jpg 395
{u'responseHeader': {u'status': 0, u'maxErrors': 1000, u'errors': [], u'QTime': 4}} ordinal_ordinal-football-collection-juventus-edition-06-kaos-pria---krem_full03.jpg 396
{u'responseHeader': {u'status': 0, u'maxErrors': 1000, u'errors': [], u'QTime': 7}} asia-watch_mango-ma6512l-88_full01.jpg 397
{u'responseHeader': {u'status': 0, u'maxErrors': 1000, u'errors': [], u'QTime': 4}} luis-kreamer_luis-kreamer-heels-jenelle_full33.jpg 398
{u'responseHeader': {u'status': 0, u'maxErrors': 1000, u'errors': [], u'QTime': 70}} d-island-shoes_d-island-shoes-venture-boots-comfort-leather-dark-brown_full06.jpg 399
{u'responseHeader': {u'status': 0, u'maxErrors': 1000, u'errors': [], u'QTime': 5}} best_best-men-casual-outdoor-travel-chest-shoulder-crossbody-bag-with-usb-port_full09.jpg 400
{u'responseHeader': {u'status': 0, u'maxErrors': 1000, u'errors': [], u'QTime': 4}} alexandre-christie_alexandre-christie-jam-tangan-unisex-alexandre-christie-ac9224me-digital-rubber-strap_full15.jpg 401
{u'responseHeader': {u'status': 0, u'maxErrors': 1000, u'errors': [], u'QTime': 4}} oceanseven_oceanseven-designers-stuff-14-t-shirt_full03.jpg 402
{u'responseHeader': {u'status': 0, u'maxErrors': 1000, u'errors': [], u'QTime': 5}} win-leather_tas-punggung---backpack-wanita-kulit-asli-tw-01-winleather_full05.jpg 403
{u'responseHeader': {u'status': 0, u'maxErrors': 1000, u'errors': [], u'QTime': 5}} jual-mukena_jual-mukena-dewasa-premium-renda-brukat-bordir-vania_full24.jpg 404
{u'responseHeader': {u'status': 0, u'maxErrors': 1000, u'errors': [], u'QTime': 4}} adore-ladies_adore-jeans-rumbai-360102-blue_full05.jpg 405
{u'responseHeader': {u'status': 0, u'maxErrors': 1000, u'errors': [], u'QTime': 5}} java-seven_java-seven-sepatu-formal-pria-1198--coklat_full02.jpg 406
{u'responseHeader': {u'status': 0, u'maxErrors': 1000, u'errors': [], u'QTime': 68}} eve-maternity_eve-maternity-llg045b-celana-hamil---abu_full05.jpg 407
{u'responseHeader': {u'status': 0, u'maxErrors': 1000, u'errors': [], u'QTime': 4}} syaqinah_syaqinah_407_sepatu_sneaker_wanita_-_biru_full02.jpg 408
{u'responseHeader': {u'status': 0, u'maxErrors': 1000, u'errors': [], u'QTime': 5}} easy-go_easy-go-woman-disposable-briefs_full03.jpg 409
{u'responseHeader': {u'status': 0, u'maxErrors': 1000, u'errors': [], u'QTime': 4}} staycool_staycool-doraemon-character-kaos-kaki-unisex_full03.jpg 410
{u'responseHeader': {u'status': 0, u'maxErrors': 1000, u'errors': [], u'QTime': 4}} balmer_balmer-b-7959lcs-jam-tangan-wanita---silver-putih_full02.jpg 411
{u'responseHeader': {u'status': 0, u'maxErrors': 1000, u'errors': [], u'QTime': 5}} recommended_recommended-sepatu-boots-pria-kulit-asli-265rcm---cokelat_full02.jpg 412
{u'responseHeader': {u'status': 0, u'maxErrors': 1000, u'errors': [], u'QTime': 4}} ordinal_ordinal-popeye-03-light-blue-t-shirt_full03.jpg 413
{u'responseHeader': {u'status': 0, u'maxErrors': 1000, u'errors': [], u'QTime': 4}} bluelans_bluelans-punk-titanium-steel-finger-ring-men-jewelry-xmas-gift-party-cocktail-fashion_full02.jpg 414
{u'responseHeader': {u'status': 0, u'maxErrors': 1000, u'errors': [], u'QTime': 5}} bape_bape-reflector-big-ape-head-t-shirt-pria_full43.jpg 415
{u'responseHeader': {u'status': 0, u'maxErrors': 1000, u'errors': [], u'QTime': 69}} native-shoes_native-shoes-jericho-1130-sepatu-wanita---milk-pink-shell-white_full02.jpg 416
{u'responseHeader': {u'status': 0, u'maxErrors': 1000, u'errors': [], u'QTime': 4}} kimochi-me-lingerie_kimochi-me-lingerie-zrlin1057-seksi-baju-tidur-sleepwear---merah_full08.jpg 417
{u'responseHeader': {u'status': 0, u'maxErrors': 1000, u'errors': [], u'QTime': 5}} thesak_thesak-beverly-leather-satchel-bag-black_full05.jpg 418
{u'responseHeader': {u'status': 0, u'maxErrors': 1000, u'errors': [], u'QTime': 4}} indoclothing_indoclothing-topi-trucker-joyetech-logo---hitam_full04.jpg 419
{u'responseHeader': {u'status': 0, u'maxErrors': 1000, u'errors': [], u'QTime': 4}} adelle-jewellery_eiffel-diamond-ladies-ring---cincin-berlian---adelle-jewellery---twotone_full05.jpg 420
{u'responseHeader': {u'status': 0, u'maxErrors': 1000, u'errors': [], u'QTime': 5}} casio_casio-general-la-670wl-1bdf-ladies-digital-dial-black-leather-strap-jam-tangan-wanita_full02.jpg 421
{u'responseHeader': {u'status': 0, u'maxErrors': 1000, u'errors': [], u'QTime': 4}} ordinal_ordinal-nba-player-edition-kobe-bryant-t-shirt_full03.jpg 422
{u'responseHeader': {u'status': 0, u'maxErrors': 1000, u'errors': [], u'QTime': 4}} vienna_vienna-linz-bros-jilbab-bunga-b-120---putih_full03.jpg 423
{u'responseHeader': {u'status': 0, u'maxErrors': 1000, u'errors': [], u'QTime': 5}} alphabet_ordinal-inside-out-12-biru-muda-kaos-pria_full01.jpg 424
{u'responseHeader': {u'status': 0, u'maxErrors': 1000, u'errors': [], u'QTime': 5}} holycap_new-chapter-star-fashion-caps-blue_blue_full01.jpg 425
{u'responseHeader': {u'status': 0, u'maxErrors': 1000, u'errors': [], u'QTime': 4}} casio_casio-g-shock-gw-5510-1jf-multiband-6-tough-solar--jdm--jam-tangan-pria---black_full04.jpg 426
{u'responseHeader': {u'status': 0, u'maxErrors': 1000, u'errors': [], u'QTime': 5}} skmei_skmei-9075-analog-jam-tangan-wanita---red_full05.jpg 427
{u'responseHeader': {u'status': 0, u'maxErrors': 1000, u'errors': [], u'QTime': 5}} sophistix_sophistix-esme-assymetrical-long-top-print-blouse-wanita_full09.jpg 428
{u'responseHeader': {u'status': 0, u'maxErrors': 1000, u'errors': [], u'QTime': 71}} indoclothing_indoclothing-ros-world-championship-topi-trucker-unisex_full11.jpg 429
{u'responseHeader': {u'status': 0, u'maxErrors': 1000, u'errors': [], u'QTime': 5}} condotti_condotti-cortese-chronograph-jam-tangan-pria---brown--cn1034-g01-l06-_full02.jpg 430
{u'responseHeader': {u'status': 0, u'maxErrors': 1000, u'errors': [], u'QTime': 4}} ted-baker_ted-baker-10030750-jam-tangan-wanita---gold_full02.jpg 431
{u'responseHeader': {u'status': 0, u'maxErrors': 1000, u'errors': [], u'QTime': 4}} ordinal_ordinal-zombie-attack-18-t-shirt_full03.jpg 432
{u'responseHeader': {u'status': 0, u'maxErrors': 1000, u'errors': [], u'QTime': 5}} eiger_eiger-ugimba-roll-strap-sandals---black_full05.jpg 433
{u'responseHeader': {u'status': 0, u'maxErrors': 1000, u'errors': [], u'QTime': 5}} nicholas-keith_nicholas-keith-carlton-strap-18mm_full03.jpg 434
{u'responseHeader': {u'status': 0, u'maxErrors': 1000, u'errors': [], u'QTime': 4}} kus-group_kus-group-hijab-3-layer-khimar---abu_full02.jpg 435
{u'responseHeader': {u'status': 0, u'maxErrors': 1000, u'errors': [], u'QTime': 5}} babushka_paola-maxi-dress-white-black_full03.jpg 436
{u'responseHeader': {u'status': 0, u'maxErrors': 1000, u'errors': [], u'QTime': 5}} coterie_dress-muslim-putih-bordir-merah_full05.jpg 437
{u'responseHeader': {u'status': 0, u'maxErrors': 1000, u'errors': [], u'QTime': 72}} lgs_lgs-celana-casual-regular-fit--black-lebm-320-042g-514-7c_full02.jpg 438
{u'responseHeader': {u'status': 0, u'maxErrors': 1000, u'errors': [], u'QTime': 5}} oem_tas-selempang-panel-surya_full04.jpg 439
{u'responseHeader': {u'status': 0, u'maxErrors': 1000, u'errors': [], u'QTime': 4}} k-gallery_tas-tote-wanita-polos--size-m--w-sling_full06.jpg 440
{u'responseHeader': {u'status': 0, u'maxErrors': 1000, u'errors': [], u'QTime': 4}} oceanseven_oceanseven-green-peace-03-t-shirt_full03.jpg 441
{u'responseHeader': {u'status': 0, u'maxErrors': 1000, u'errors': [], u'QTime': 5}} zaskia-mecca_zm-zaskia-mecca-ebio-cardigan-muslim-wanita_full33.jpg 442
{u'responseHeader': {u'status': 0, u'maxErrors': 1000, u'errors': [], u'QTime': 5}} garsel_garsel-sandal-gunung-pria--g1gsg-3012-_full02.jpg 443
{u'responseHeader': {u'status': 0, u'maxErrors': 1000, u'errors': [], u'QTime': 4}} dr-kevin_dr-kevin-men-bustong-sandals---brown--1638-_full07.jpg 444
{u'responseHeader': {u'status': 0, u'maxErrors': 1000, u'errors': [], u'QTime': 5}} gino-mariani_gino-mariani-zefri-formal-men-s-shoes_full09.jpg 445
{u'responseHeader': {u'status': 0, u'maxErrors': 1000, u'errors': [], u'QTime': 72}} casio_casio-ca-53w-1z---tali-karet---digital-kalkulator---hitam_full02.jpg 446
{u'responseHeader': {u'status': 0, u'maxErrors': 1000, u'errors': [], u'QTime': 5}} al-mi-a_al-mia-lengan-pendek-baju-muslim-pria--pla186-_full20.jpg 447
{u'responseHeader': {u'status': 0, u'maxErrors': 1000, u'errors': [], u'QTime': 448}} ardiles_ardiles_men_salemba_sepatu_slip_on_pria_full16.jpg 448
{u'responseHeader': {u'status': 0, u'maxErrors': 1000, u'errors': [], u'QTime': 5}} balmer_balmer-blm-1001-01-jam-tangan-pria---jam-tangan-analog---silver_full02.jpg 449
{u'responseHeader': {u'status': 0, u'maxErrors': 1000, u'errors': [], u'QTime': 4}} gatsuone_gatsuone-misaki-silver-hand-bag---tas-hand-bag-wanita-_full09.jpg 450
{u'responseHeader': {u'status': 0, u'maxErrors': 1000, u'errors': [], u'QTime': 4}} ai-telier_ai-telier-nisa-top-025-atasan-wanita_full15.jpg 451
{u'responseHeader': {u'status': 0, u'maxErrors': 1000, u'errors': [], u'QTime': 4}} seiko_seiko-snzg13k1-original-jam-tangan-pria_full02.jpg 452
{u'responseHeader': {u'status': 0, u'maxErrors': 1000, u'errors': [], u'QTime': 79}} intresse_intresse-navajo-baju-koko-pria---brown--kf-9300068-br-_full02.jpg 453
{u'responseHeader': {u'status': 0, u'maxErrors': 1000, u'errors': [], u'QTime': 71}} honhx_honhx_luxury_digital_led_watch_date_sport_jam_tangan_pria__full17_jb80fpm0.jpg 454
{u'responseHeader': {u'status': 0, u'maxErrors': 1000, u'errors': [], u'QTime': 4}} alba_alba-jam-tangan-pria---gold-white--at3b96x1-_full03.jpg 455
{u'responseHeader': {u'status': 0, u'maxErrors': 1000, u'errors': [], u'QTime': 4}} raquel-lingerie_raquel-lingerie-kennice-string-panty-wanita_full03.jpg 456
{u'responseHeader': {u'status': 0, u'maxErrors': 1000, u'errors': [], u'QTime': 4}} carvil_carvil-sandal-pria-oscar-01-black_full03.jpg 457
{u'responseHeader': {u'status': 0, u'maxErrors': 1000, u'errors': [], u'QTime': 80}} cbr-six_cbr-six-sepatu-boot-wanita--bcc-909----coklat_full05.jpg 458
{u'responseHeader': {u'status': 0, u'maxErrors': 1000, u'errors': [], u'QTime': 4}} eds_eds_simple_fashion_jam_tangan_wanita_full09.jpg 459
{u'responseHeader': {u'status': 0, u'maxErrors': 1000, u'errors': [], u'QTime': 4}} onemarkets_onemarkets-adjustable-elastic-recovery-korset-pelangsing-pasca-melahirkan---black_full05.jpg 460
{u'responseHeader': {u'status': 0, u'maxErrors': 1000, u'errors': [], u'QTime': 4}} wastu_wastu-soft-parka-jacket_full07.jpg 461
{u'responseHeader': {u'status': 0, u'maxErrors': 1000, u'errors': [], u'QTime': 4}} indoclothing_indoclothing-ferry-corsten-topi-trucker-pria---hitam_full04.jpg 462
{u'responseHeader': {u'status': 0, u'maxErrors': 1000, u'errors': [], u'QTime': 4}} supreme_supreme-light-tee-t-shirt-pria_full20.jpg 463
{u'responseHeader': {u'status': 0, u'maxErrors': 1000, u'errors': [], u'QTime': 4}} gshop_gshop-kasual-t-shirt-pria--ad-hip-0836-_full02.jpg 464
{u'responseHeader': {u'status': 0, u'maxErrors': 1000, u'errors': [], u'QTime': 5}} skmei_skmei-1054-jam-tangan-sport-digital-watch-shock-militer-water-resistant---hitam_full05.jpg 465
{u'responseHeader': {u'status': 0, u'maxErrors': 1000, u'errors': [], u'QTime': 4}} casio-indotama-shop_casio-baby-g-bg-169r-1b-sports-glossy-black-pink-jam-tangan-wanita_full01.jpg 466
{u'responseHeader': {u'status': 0, u'maxErrors': 1000, u'errors': [], u'QTime': 4}} casio-indotama-shop_casio-baby-g-bg-6901-1_full01.jpg 467
{u'responseHeader': {u'status': 0, u'maxErrors': 1000, u'errors': [], u'QTime': 86}} ardiles_neox-by-ardiles-men-begoth-sepatu-sneakers_full54.jpg 468
{u'responseHeader': {u'status': 0, u'maxErrors': 1000, u'errors': [], u'QTime': 4}} odza_odza-batik-lengan-pendek-truntum-ilalang_full11.jpg 469
{u'responseHeader': {u'status': 0, u'maxErrors': 1000, u'errors': [], u'QTime': 100}} golfer_golfer-4071-flat-slip-on-sepatu-wanita_full05.jpg 471
{u'responseHeader': {u'status': 0, u'maxErrors': 1000, u'errors': [], u'QTime': 5}} bsm-soga_bsm-soga-formal-shoes-sepatu-formal-pria-bsm-412_full02.jpg 472
{u'responseHeader': {u'status': 0, u'maxErrors': 1000, u'errors': [], u'QTime': 5}} pierre-uno_pierre-uno-sleeveless-shirt-kaos-dalam-pria---putih--3-pcs-_full02.jpg 473
{u'responseHeader': {u'status': 0, u'maxErrors': 1000, u'errors': [], u'QTime': 4}} alba_alba-ah8510x1-ladies-white-dial-rose-gold-stainless-steel_full02.jpg 474
{u'responseHeader': {u'status': 0, u'maxErrors': 1000, u'errors': [], u'QTime': 4}} fossil_fossil-lufkin-traveler-3-fold--dompet-pria---black-with-tin-box--sml1390001-_full03.jpg 475
{u'responseHeader': {u'status': 0, u'maxErrors': 1000, u'errors': [], u'QTime': 4}} elfs-shop_elfs-shop-jersey-training-polo-shirt---tosca_full04.jpg 476
{u'responseHeader': {u'status': 0, u'maxErrors': 1000, u'errors': [], u'QTime': 7}} west_island_west_island_haze_necklace-wi7815hzcn_full02.jpg 477
{u'responseHeader': {u'status': 0, u'maxErrors': 1000, u'errors': [], u'QTime': 74}} krishnabalifs_krishna-bali---kalung-fashion-wanita-khas-bali--498_full02.jpg 478
{u'responseHeader': {u'status': 0, u'maxErrors': 1000, u'errors': [], u'QTime': 4}} ic-club_ic-club-slim-fit-kemeja-pria-dawson_full18.jpg 479
{u'responseHeader': {u'status': 0, u'maxErrors': 1000, u'errors': [], u'QTime': 4}} blackkelly_blackkelly-llh-493-sandal-flat-wanita---krem_full05.jpg 480
{u'responseHeader': {u'status': 0, u'maxErrors': 1000, u'errors': [], u'QTime': 4}} hurley_hurley-endure-therma-fleece-black_full02.jpg 481
{u'responseHeader': {u'status': 0, u'maxErrors': 1000, u'errors': [], u'QTime': 4}} fossil_fossil-ledger-leather-jam-tangan-pria---brown--bq-2304-_full03.jpg 482
{u'responseHeader': {u'status': 0, u'maxErrors': 1000, u'errors': [], u'QTime': 79}} ordinal_ordinal-ant-man-08-raglan_full03.jpg 483
{u'responseHeader': {u'status': 0, u'maxErrors': 1000, u'errors': [], u'QTime': 4}} esprit_esprit_strike_chrono_jam_tangan_pria_-_-original-es-0015-1g157-_full15_onbazgme.jpg 484
{u'responseHeader': {u'status': 0, u'maxErrors': 1000, u'errors': [], u'QTime': 4}} mirage_mirage-casual-man-edition-d45h420mrg8305mbrpspp-date-jam-tangan-pria-stainless-steel-chain_full05.jpg 485
{u'responseHeader': {u'status': 0, u'maxErrors': 1000, u'errors': [], u'QTime': 5}} nila-anthony_nila-anthony-owl-shoulder-bag-wanita---yellow_full05.jpg 486
{u'responseHeader': {u'status': 0, u'maxErrors': 1000, u'errors': [], u'QTime': 4}} q-q_q-q-m132j005g-jam-tangan-pria_full02.jpg 487
{u'responseHeader': {u'status': 0, u'maxErrors': 1000, u'errors': [], u'QTime': 5}} off-white_off-white-impression-sandal-pria---black-yellow_full06.jpg 488
{u'responseHeader': {u'status': 0, u'maxErrors': 1000, u'errors': [], u'QTime': 4}} planet-ocean-_planet-ocean-girl-dpg640-450-dompet-wanita---black_full04.jpg 489
{u'responseHeader': {u'status': 0, u'maxErrors': 1000, u'errors': [], u'QTime': 73}} parasika_parasika_x4099_blouse_silk_atasan_wanita_full26.jpg 490
{u'responseHeader': {u'status': 0, u'maxErrors': 1000, u'errors': [], u'QTime': 73}} mastindo-accessories_earring-ma-364818_full02.jpg 491
{u'responseHeader': {u'status': 0, u'maxErrors': 1000, u'errors': [], u'QTime': 4}} bluelans_bluelans-women-black-multilayer-draped-tassel-pendant-necklace-chain-fashion-jewelry-gift_full07.jpg 492
{u'responseHeader': {u'status': 0, u'maxErrors': 1000, u'errors': [], u'QTime': 4}} lgs_lgs-men-slim-fit-fashion-shirt-plaid-shirt-kemeja-pria---white-blue-jsh-390-s522f-372-c_full02.jpg 493
{u'responseHeader': {u'status': 0, u'maxErrors': 1000, u'errors': [], u'QTime': 5}} 3second_3second-t-shirt-pria---black--157031912-_full02.jpg 494
{u'responseHeader': {u'status': 0, u'maxErrors': 1000, u'errors': [], u'QTime': 4}} korina_korina-k000424-denim-arumi-dress-wanita_full11.jpg 495
{u'responseHeader': {u'status': 0, u'maxErrors': 1000, u'errors': [], u'QTime': 4}} elle_elle-es21013s02x---spirit---analog---jam-tangan-wanita---bahan-tali-leather---beige---case-gold_full02.jpg 496
{u'responseHeader': {u'status': 0, u'maxErrors': 1000, u'errors': [], u'QTime': 4}} okechuku_okechuku-pakaian-muslim-pria-baju-koko-pria--wd045-_full12.jpg 497
{u'responseHeader': {u'status': 0, u'maxErrors': 1000, u'errors': [], u'QTime': 4}} melissa_melissa_mini_sac_bag_print_backpack_wanita_-_old_rose_full02.jpg 498
{u'responseHeader': {u'status': 0, u'maxErrors': 1000, u'errors': [], u'QTime': 5}} prodigo-footwear_prodigo-footwear-handmade-gareng-kulit-sintetis-tpr-sepatu-pria---maroon--js140-s40-43-_full02.jpg 499
{u'responseHeader': {u'status': 0, u'maxErrors': 1000, u'errors': [], u'QTime': 4}} dr-kevin_dr--kevin-men-leather-sandals-9613_full43.jpg 500
{u'responseHeader': {u'status': 0, u'maxErrors': 1000, u'errors': [], u'QTime': 4}} dresslw_dresslw-celana-kulot-panjang-wanita_full08.jpg 501
{u'responseHeader': {u'status': 0, u'maxErrors': 1000, u'errors': [], u'QTime': 5}} pulcher-bags_gemini-navy---free-pouch---unisex---backpack---tas-ransel---tas-sekolah---tas-kerj_full05.jpg 502
{u'responseHeader': {u'status': 0, u'maxErrors': 1000, u'errors': [], u'QTime': 5}} les_catino_les_catino_007_w-_odetta_flap_crossbody_bag_wanita_full26_rlzbsevx.jpg 503
{u'responseHeader': {u'status': 0, u'maxErrors': 1000, u'errors': [], u'QTime': 5}} orca-bay_orca-bay-bora-sandal-casual-pria---dark-brown_full05.jpg 504
{u'responseHeader': {u'status': 0, u'maxErrors': 1000, u'errors': [], u'QTime': 5}} level-id_deandra-level-id-celine-zipper-slingbag-wanita_full06.jpg 505
{u'responseHeader': {u'status': 0, u'maxErrors': 1000, u'errors': [], u'QTime': 5}} kinina_kinina-tipe-26879-anting-emas---rosegold--18k-_full03.jpg 506
{u'responseHeader': {u'status': 0, u'maxErrors': 1000, u'errors': [], u'QTime': 5}} raindoz_raindoz-tas-kasual-wanita-handbag-connie-brown_full02.jpg 507
{u'responseHeader': {u'status': 0, u'maxErrors': 1000, u'errors': [], u'QTime': 4}} rocksider_rocksider-tas-handbag---navy-blue--nn63-_full05.jpg 508
{u'responseHeader': {u'status': 0, u'maxErrors': 1000, u'errors': [], u'QTime': 4}} timberland_timberland-leather-belt-tali-pinggang-pria--tb0m348801-_full02.jpg 509
{u'responseHeader': {u'status': 0, u'maxErrors': 1000, u'errors': [], u'QTime': 4}} phillipe_jourdan_phillipe_jourdan_detroit_tas_slempang_pria_black_grey_full06.jpg 510
{u'responseHeader': {u'status': 0, u'maxErrors': 1000, u'errors': [], u'QTime': 4}} sollu_sollu-elegante-006-tas-ransel---black_full05.jpg 511
{u'responseHeader': {u'status': 0, u'maxErrors': 1000, u'errors': [], u'QTime': 4}} kuzatura_kuzatura-kzu-583-jaket-wanita_full04.jpg 512
{u'responseHeader': {u'status': 0, u'maxErrors': 1000, u'errors': [], u'QTime': 5}} frandeli_frandeli-sepatu-jansky-men-sneakers---black_full02.jpg 513
{u'responseHeader': {u'status': 0, u'maxErrors': 1000, u'errors': [], u'QTime': 4}} ftr-merch_ftr-merch-noin-bullet-kaos-kaki-pria_full05.jpg 514
{u'responseHeader': {u'status': 0, u'maxErrors': 1000, u'errors': [], u'QTime': 4}} wfn-store_baju-kurta-pakistan-printing-tangan-pendek---paddli-print-ss_full22.jpg 515
{u'responseHeader': {u'status': 0, u'maxErrors': 1000, u'errors': [], u'QTime': 4}} casio_casio-gshock-jam-tangan-pria---absolute-black--ga-100gbx-1a4--original-_full02.jpg 516
{u'responseHeader': {u'status': 0, u'maxErrors': 1000, u'errors': [], u'QTime': 4}} cbr-six_cbr-six-sepatu-formal-pria---hitam--tfc-388-_full05.jpg 517
{u'responseHeader': {u'status': 0, u'maxErrors': 1000, u'errors': [], u'QTime': 4}} kupluku_kupluku-bandana-polar-3in1---face-shield-scarf-snood---neck-warmer_full05.jpg 518
{u'responseHeader': {u'status': 0, u'maxErrors': 1000, u'errors': [], u'QTime': 5}} zenvimi_zenvimi-9288-8-heels-shoe-korean-model-_full42.jpg 519
{u'responseHeader': {u'status': 0, u'maxErrors': 1000, u'errors': [], u'QTime': 4}} riza-craft_riza-craft-kayu-galih-kelor-serat-emas-asli-tasbih--99-butir-_full02.jpg 520
{u'responseHeader': {u'status': 0, u'maxErrors': 1000, u'errors': [], u'QTime': 93}} naviforce_naviforce-nf9066m-jam-tangan-pria---hitam-merah_full02.jpg 521
{u'responseHeader': {u'status': 0, u'maxErrors': 1000, u'errors': [], u'QTime': 230}} bluelans_bluelans-fashion-women-sleeveless-bodycon-package-hip-party-club-sexy-denim-mini-dress_full05.jpg 522
{u'responseHeader': {u'status': 0, u'maxErrors': 1000, u'errors': [], u'QTime': 4}} adelle-jewellery_animal-diamond-pendant---dog-s---liontin-berlian-adelle-jewellery---rose-gold_full06.jpg 523
{u'responseHeader': {u'status': 0, u'maxErrors': 1000, u'errors': [], u'QTime': 4}} indoclothing_indoclothing-topi-snapback-dragon-ball_full13.jpg 524
{u'responseHeader': {u'status': 0, u'maxErrors': 1000, u'errors': [], u'QTime': 4}} oceanseven_oceanseven-psy-signature-01-t-shirt_full03.jpg 525
{u'responseHeader': {u'status': 0, u'maxErrors': 1000, u'errors': [], u'QTime': 4}} the-x-woof_the-x-woof-cssenger-m-1-0-men-s-messenger-bag--txwtsc101--txwtsc102-_full12.jpg 526
{u'responseHeader': {u'status': 0, u'maxErrors': 1000, u'errors': [], u'QTime': 69}} oceanseven_oceanseven-14-mario-bross-t-shirt_full03.jpg 527
{u'responseHeader': {u'status': 0, u'maxErrors': 1000, u'errors': [], u'QTime': 4}} skmei_skmei-digital-jam-tangan-pria--1314-_full03.jpg 528
{u'responseHeader': {u'status': 0, u'maxErrors': 1000, u'errors': [], u'QTime': 4}} westpak_westpak-tas-ransel-pria--63158-_full19.jpg 529
{u'responseHeader': {u'status': 0, u'maxErrors': 1000, u'errors': [], u'QTime': 5}} tocco-toscano_tocco-toscano-wallet-tino-144109-dompet-pria---red_full05.jpg 530
{u'responseHeader': {u'status': 0, u'maxErrors': 1000, u'errors': [], u'QTime': 4}} d-island-shoes_d-island-shoes-moccasine-casual-oxford-sepatu-slip-on-pria---blue-navy_full07.jpg 531
{u'responseHeader': {u'status': 0, u'maxErrors': 1000, u'errors': [], u'QTime': 5}} carte_carte-half-ethnic-blouse-shirt---pink_full06.jpg 532
{u'responseHeader': {u'status': 0, u'maxErrors': 1000, u'errors': [], u'QTime': 4}} dejavu_dejavu-jam-tangan-pria---hitam-rosegold-dj-5019mrb_full02.jpg 533
{u'responseHeader': {u'status': 0, u'maxErrors': 1000, u'errors': [], u'QTime': 5}} code_coodee-r-4001-gun_full03.jpg 534
{u'responseHeader': {u'status': 0, u'maxErrors': 1000, u'errors': [], u'QTime': 85}} spear_sr51_spear_baju_printing_3d_motif_summer_party_baju_casual_fashion_pria_full06.jpg 535
{u'responseHeader': {u'status': 0, u'maxErrors': 1000, u'errors': [], u'QTime': 5}} anello_anello_tas_ransel_kanvas_frosted_full05_mt6iuobz.jpg 536
{u'responseHeader': {u'status': 0, u'maxErrors': 1000, u'errors': [], u'QTime': 4}} casio-indotama-shop_casio-mtp-1141a-1a-silver-black-jam-tangan-pria_full01.jpg 537
{u'responseHeader': {u'status': 0, u'maxErrors': 1000, u'errors': [], u'QTime': 4}} caresse_caresse-2996-mit-shapewear-breathable-corset_full45.jpg 538
{u'responseHeader': {u'status': 0, u'maxErrors': 1000, u'errors': [], u'QTime': 4}} blackkelly_blackkelly-sandal-jepit-slip-pria-ab167_full05.jpg 539
{u'responseHeader': {u'status': 0, u'maxErrors': 1000, u'errors': [], u'QTime': 4}} the-tasbih_tasbeh-cendana-99-butir-ukuran-8-mm-berkualitas-wangi-dari-kayu-alami-cendana-jumbai-hitam-model-tunisia-merek-the-tasbih_full03.jpg 540
{u'responseHeader': {u'status': 0, u'maxErrors': 1000, u'errors': [], u'QTime': 4}} bluelans_bluelans-women-fashion-galactic-glass-alloy-chain-crescent-moon-pendant-necklace--842_full02.jpg 541
{u'responseHeader': {u'status': 0, u'maxErrors': 1000, u'errors': [], u'QTime': 4}} handmade_handmade-blackmaster-purple-king-sepatu-pria---black_full08.jpg 542
{u'responseHeader': {u'status': 0, u'maxErrors': 1000, u'errors': [], u'QTime': 5}} alexandre-christie_alexandre-christie-3032malipbagn-automatic-jam-tangan-pria---black_full02.jpg 543
{u'responseHeader': {u'status': 0, u'maxErrors': 1000, u'errors': [], u'QTime': 5}} petite-lola_petite-lola-turquoise-cobra-bracelet_turquoise_full01.jpg 544
{u'responseHeader': {u'status': 0, u'maxErrors': 1000, u'errors': [], u'QTime': 5}} tendencies_tendencies-tree-crayon-t-shirt-pria---grey_full06.jpg 545
{u'responseHeader': {u'status': 0, u'maxErrors': 1000, u'errors': [], u'QTime': 6}} kuki-style_rainbow-striped-tshirt---navy_full04.jpg 546
